<?xml version="1.0" encoding="UTF-8"?>
<robot generator="Robot 7.3.1 (Python 3.13.3 on win32)" generated="2025-11-19T06:06:44.187077" rpa="false" schemaversion="5">
<suite id="s1" name="Users" source="D:\reqres\Test\users.robot">
<test id="s1-t1" name="Verify user able to get users list from page 1" line="5">
<kw name="user hit users list in page" owner="users">
<kw name="Create Dictionary" owner="BuiltIn">
<msg time="2025-11-19T06:06:44.367796" level="INFO">${params} = {'page': '1'}</msg>
<var>${params}</var>
<arg>page=${page}</arg>
<doc>Creates and returns a dictionary based on the given ``items``.</doc>
<status status="PASS" start="2025-11-19T06:06:44.367495" elapsed="0.000336"/>
</kw>
<kw name="Create Dictionary" owner="BuiltIn">
<msg time="2025-11-19T06:06:44.368069" level="INFO">${headers} = {'x-api-key': 'reqres-free-v1'}</msg>
<var>${headers}</var>
<arg>x-api-key=reqres-free-v1</arg>
<doc>Creates and returns a dictionary based on the given ``items``.</doc>
<status status="PASS" start="2025-11-19T06:06:44.367948" elapsed="0.000140"/>
</kw>
<kw name="Create Session" owner="RequestsLibrary">
<msg time="2025-11-19T06:06:44.368359" level="INFO">Creating Session using : alias=users, url=https://reqres.in/api, headers={},                     cookies={}, auth=None, timeout=None, proxies=None, verify=False,                     debug=0 </msg>
<arg>users</arg>
<arg>${baseUrl}</arg>
<arg>disable_warnings=1</arg>
<doc>Create Session: create a HTTP session to a server</doc>
<status status="PASS" start="2025-11-19T06:06:44.368177" elapsed="0.000367"/>
</kw>
<kw name="GET On Session" owner="RequestsLibrary">
<msg time="2025-11-19T06:06:44.585653" level="INFO">GET Request : url=https://reqres.in/api/users?page=1 
 path_url=/api/users?page=1 
 headers={'User-Agent': 'python-requests/2.32.5', 'Accept-Encoding': 'gzip, deflate', 'Accept': '*/*', 'Connection': 'keep-alive', 'x-api-key': 'reqres-free-v1'} 
 body=None 
 </msg>
<msg time="2025-11-19T06:06:44.585884" level="INFO">GET Response : url=https://reqres.in/api/users?page=1 
 status=200, reason=OK 
 headers={'Date': 'Tue, 18 Nov 2025 23:06:44 GMT', 'Content-Type': 'application/json; charset=utf-8', 'Transfer-Encoding': 'chunked', 'Connection': 'keep-alive', 'Access-Control-Allow-Credentials': 'true', 'Access-Control-Allow-Headers': 'Origin, X-Requested-With, Content-Type, Accept, Authorization, x-api-key', 'Access-Control-Allow-Methods': 'GET, POST, PUT, DELETE, OPTIONS', 'Access-Control-Allow-Origin': 'http://localhost:5173', 'Etag': 'W/"600-DSziLS3KlRfI5T2Av9pzclJLaQk"', 'Nel': '{"report_to":"heroku-nel","response_headers":["Via"],"max_age":3600,"success_fraction":0.01,"failure_fraction":0.1}', 'Ratelimit-Limit': '100', 'Ratelimit-Policy': '100;w=60', 'Ratelimit-Remaining': '97', 'Ratelimit-Reset': '11', 'Referrer-Policy': 'strict-origin-when-cross-origin', 'Report-To': '{"group":"heroku-nel","endpoints":[{"url":"https://nel.heroku.com/reports?s=MHhSn0DJfi%2BzB4wIymZkOTu7g8JBpkizegXAp5F8pwk%3D\\u0026sid=c4c9725f-1ab0-44d8-820f-430df2718e11\\u0026ts=1763500831"}],"max_age":3600}', 'Reporting-Endpoints': 'heroku-nel="https://nel.heroku.com/reports?s=MHhSn0DJfi%2BzB4wIymZkOTu7g8JBpkizegXAp5F8pwk%3D&amp;sid=c4c9725f-1ab0-44d8-820f-430df2718e11&amp;ts=1763500831"', 'Server': 'cloudflare', 'Vary': 'Origin, accept-encoding', 'Via': '1.1 heroku-router', 'X-Content-Type-Options': 'nosniff', 'X-Frame-Options': 'DENY', 'X-Powered-By': 'ReqRes.in - Deploy backends in 30 seconds', 'X-Reqres-Docs': 'https://reqres.in', 'X-Reqres-Message': 'This API is powered by ReqRes. Deploy your own backend in 30 seconds!', 'X-Reqres-Templates': 'https://app.reqres.in/templates', 'X-Reqres-Upgrade': 'https://app.reqres.in/upgrade', 'X-Request-Id': '3e8698dd-4a40-4077-7e08-da5135692d4f', 'X-Xss-Protection': '1; mode=block', 'Age': '6373', 'Cache-Control': 'max-age=14400', 'cf-cache-status': 'HIT', 'Content-Encoding': 'gzip', 'CF-RAY': '9a0b1ebeeda7e9d8-CGK'} 
 body={"page":1,"per_page":6,"total":12,"total_pages":2,"data":[{"id":1,"email":"george.bluth@reqres.in","first_name":"George","last_name":"Bluth","avatar":"https://reqres.in/img/faces/1-image.jpg"},{"id":2,"email":"janet.weaver@reqres.in","first_name":"Janet","last_name":"Weaver","avatar":"https://reqres.in/img/faces/2-image.jpg"},{"id":3,"email":"emma.wong@reqres.in","first_name":"Emma","last_name":"Wong","avatar":"https://reqres.in/img/faces/3-image.jpg"},{"id":4,"email":"eve.holt@reqres.in","first_name":"Eve","last_name":"Holt","avatar":"https://reqres.in/img/faces/4-image.jpg"},{"id":5,"email":"charles.morris@reqres.in","first_name":"Charles","last_name":"Morris","avatar":"https://reqres.in/img/faces/5-image.jpg"},{"id":6,"email":"tracey.ramos@reqres.in","first_name":"Tracey","last_name":"Ramos","avatar":"https://reqres.in/img/faces/6-image.jpg"}],"support":{"url":"https://contentcaddy.io?utm_source=reqres&amp;utm_medium=json&amp;utm_campaign=referral","text":"Tired of writing endless social media content? Let Content Caddy generate it for you."},"_meta":{"powered_by":"🚀 ReqRes - Deploy backends in 30 seconds","upgrade_url":"https://app.reqres.in/upgrade","docs_url":"https://reqres.in","template_gallery":"https://app.reqres.in/templates","message":"This API is powered by ReqRes. Deploy your own backend in 30 seconds!","features":["30 Second Backend Templates","Custom API Endpoints","Data Persistence","Real-time Analytics"],"upgrade_cta":"Upgrade to Pro for unlimited requests, custom endpoints, and data persistence"}} 
 </msg>
<msg time="2025-11-19T06:06:44.586079" level="INFO">${usersList} = &lt;Response [200]&gt;</msg>
<var>${usersList}</var>
<arg>users</arg>
<arg>/users</arg>
<arg>headers=${headers}</arg>
<arg>params=${params}</arg>
<arg>expected_status=Anything</arg>
<doc>Sends a GET request on a previously created HTTP Session.</doc>
<status status="PASS" start="2025-11-19T06:06:44.368633" elapsed="0.217469"/>
</kw>
<kw name="Set Variable" owner="BuiltIn">
<msg time="2025-11-19T06:06:44.586804" level="INFO">${usersListJson} = {'page': 1, 'per_page': 6, 'total': 12, 'total_pages': 2, 'data': [{'id': 1, 'email': 'george.bluth@reqres.in', 'first_name': 'George', 'last_name': 'Bluth', 'avatar': 'https://reqres.in/img/faces/1-i...</msg>
<var>${usersListJson}</var>
<arg>${usersList.json()}</arg>
<doc>Returns the given values which can then be assigned to a variables.</doc>
<status status="PASS" start="2025-11-19T06:06:44.586260" elapsed="0.000571"/>
</kw>
<kw name="Set Test Variable" owner="BuiltIn">
<msg time="2025-11-19T06:06:44.587117" level="INFO">${usersListJson} = {'page': 1, 'per_page': 6, 'total': 12, 'total_pages': 2, 'data': [{'id': 1, 'email': 'george.bluth@reqres.in', 'first_name': 'George', 'last_name': 'Bluth', 'avatar': 'https://reqres.in/img/faces/1-i...</msg>
<arg>${usersListJson}</arg>
<doc>Makes a variable available everywhere within the scope of the current test.</doc>
<status status="PASS" start="2025-11-19T06:06:44.586936" elapsed="0.000211"/>
</kw>
<arg>1</arg>
<status status="PASS" start="2025-11-19T06:06:44.366870" elapsed="0.220330"/>
</kw>
<kw name="status code should be" owner="init">
<kw name="Status Should Be" owner="RequestsLibrary">
<arg>${expectedStatusCode}</arg>
<doc>Fails if response status code is different than the expected.</doc>
<status status="PASS" start="2025-11-19T06:06:44.587872" elapsed="0.000113"/>
</kw>
<arg>200</arg>
<status status="PASS" start="2025-11-19T06:06:44.587588" elapsed="0.000448"/>
</kw>
<kw name="user data not empty" owner="users">
<kw name="Get Value From Json" owner="JSONLibrary">
<msg time="2025-11-19T06:06:44.607387" level="INFO">${data} = [[{'id': 1, 'email': 'george.bluth@reqres.in', 'first_name': 'George', 'last_name': 'Bluth', 'avatar': 'https://reqres.in/img/faces/1-image.jpg'}, {'id': 2, 'email': 'janet.weaver@reqres.in', 'first_n...</msg>
<var>${data}</var>
<arg>${usersListJson}</arg>
<arg>$.data</arg>
<doc>Get Value From JSON using JSONPath</doc>
<status status="PASS" start="2025-11-19T06:06:44.588402" elapsed="0.019024"/>
</kw>
<kw name="Set Variable" owner="BuiltIn">
<msg time="2025-11-19T06:06:44.607957" level="INFO">${data} = [{'id': 1, 'email': 'george.bluth@reqres.in', 'first_name': 'George', 'last_name': 'Bluth', 'avatar': 'https://reqres.in/img/faces/1-image.jpg'}, {'id': 2, 'email': 'janet.weaver@reqres.in', 'first_na...</msg>
<var>${data}</var>
<arg>${data[0]}</arg>
<doc>Returns the given values which can then be assigned to a variables.</doc>
<status status="PASS" start="2025-11-19T06:06:44.607560" elapsed="0.002334"/>
</kw>
<kw name="Length Should Be" owner="BuiltIn">
<msg time="2025-11-19T06:06:44.610195" level="INFO">Length is 6.</msg>
<arg>${data}</arg>
<arg>6</arg>
<doc>Verifies that the length of the given item is correct.</doc>
<status status="PASS" start="2025-11-19T06:06:44.610040" elapsed="0.000191"/>
</kw>
<status status="PASS" start="2025-11-19T06:06:44.588242" elapsed="0.022037"/>
</kw>
<status status="PASS" start="2025-11-19T06:06:44.366178" elapsed="0.244322"/>
</test>
<test id="s1-t2" name="Verify user able to get users list from page 2" line="10">
<kw name="user hit users list in page" owner="users">
<kw name="Create Dictionary" owner="BuiltIn">
<msg time="2025-11-19T06:06:44.611937" level="INFO">${params} = {'page': '2'}</msg>
<var>${params}</var>
<arg>page=${page}</arg>
<doc>Creates and returns a dictionary based on the given ``items``.</doc>
<status status="PASS" start="2025-11-19T06:06:44.611640" elapsed="0.000347"/>
</kw>
<kw name="Create Dictionary" owner="BuiltIn">
<msg time="2025-11-19T06:06:44.612336" level="INFO">${headers} = {'x-api-key': 'reqres-free-v1'}</msg>
<var>${headers}</var>
<arg>x-api-key=reqres-free-v1</arg>
<doc>Creates and returns a dictionary based on the given ``items``.</doc>
<status status="PASS" start="2025-11-19T06:06:44.612113" elapsed="0.000262"/>
</kw>
<kw name="Create Session" owner="RequestsLibrary">
<msg time="2025-11-19T06:06:44.612754" level="INFO">Creating Session using : alias=users, url=https://reqres.in/api, headers={},                     cookies={}, auth=None, timeout=None, proxies=None, verify=False,                     debug=0 </msg>
<arg>users</arg>
<arg>${baseUrl}</arg>
<arg>disable_warnings=1</arg>
<doc>Create Session: create a HTTP session to a server</doc>
<status status="PASS" start="2025-11-19T06:06:44.612484" elapsed="0.000518"/>
</kw>
<kw name="GET On Session" owner="RequestsLibrary">
<msg time="2025-11-19T06:06:44.775508" level="INFO">GET Request : url=https://reqres.in/api/users?page=2 
 path_url=/api/users?page=2 
 headers={'User-Agent': 'python-requests/2.32.5', 'Accept-Encoding': 'gzip, deflate', 'Accept': '*/*', 'Connection': 'keep-alive', 'x-api-key': 'reqres-free-v1'} 
 body=None 
 </msg>
<msg time="2025-11-19T06:06:44.775609" level="INFO">GET Response : url=https://reqres.in/api/users?page=2 
 status=200, reason=OK 
 headers={'Date': 'Tue, 18 Nov 2025 23:06:45 GMT', 'Content-Type': 'application/json; charset=utf-8', 'Transfer-Encoding': 'chunked', 'Connection': 'keep-alive', 'Access-Control-Allow-Credentials': 'true', 'Access-Control-Allow-Headers': 'Origin, X-Requested-With, Content-Type, Accept, Authorization, x-api-key', 'Access-Control-Allow-Methods': 'GET, POST, PUT, DELETE, OPTIONS', 'Access-Control-Allow-Origin': 'http://localhost:5173', 'etag': 'W/"622-KQjAlhjVbadr0FbMXm/7VbcnD4w"', 'Nel': '{"report_to":"heroku-nel","response_headers":["Via"],"max_age":3600,"success_fraction":0.01,"failure_fraction":0.1}', 'Ratelimit-Limit': '100', 'Ratelimit-Policy': '100;w=60', 'Ratelimit-Remaining': '98', 'Ratelimit-Reset': '60', 'Referrer-Policy': 'strict-origin-when-cross-origin', 'Report-To': '{"group":"heroku-nel","endpoints":[{"url":"https://nel.heroku.com/reports?s=j9B4c1jPMC4l1Tr0c2OLQ142ZaOxep6nJ%2F4Q98A4FRw%3D\\u0026sid=c4c9725f-1ab0-44d8-820f-430df2718e11\\u0026ts=1763461203"}],"max_age":3600}', 'Reporting-Endpoints': 'heroku-nel="https://nel.heroku.com/reports?s=j9B4c1jPMC4l1Tr0c2OLQ142ZaOxep6nJ%2F4Q98A4FRw%3D&amp;sid=c4c9725f-1ab0-44d8-820f-430df2718e11&amp;ts=1763461203"', 'Server': 'cloudflare', 'Vary': 'Origin, accept-encoding', 'Via': '1.1 heroku-router', 'X-Content-Type-Options': 'nosniff', 'X-Frame-Options': 'DENY', 'X-Powered-By': 'ReqRes.in - Deploy backends in 30 seconds', 'X-Reqres-Docs': 'https://reqres.in', 'X-Reqres-Message': 'This API is powered by ReqRes. Deploy your own backend in 30 seconds!', 'X-Reqres-Templates': 'https://app.reqres.in/templates', 'X-Reqres-Upgrade': 'https://app.reqres.in/upgrade', 'X-Request-Id': '2571b37d-cc99-2aa6-2a05-33142ffbba7d', 'X-Xss-Protection': '1; mode=block', 'Age': '6788', 'Cache-Control': 'max-age=14400', 'cf-cache-status': 'HIT', 'Content-Encoding': 'gzip', 'CF-RAY': '9a0b1ec00e91e9cc-CGK'} 
 body={"page":2,"per_page":6,"total":12,"total_pages":2,"data":[{"id":7,"email":"michael.lawson@reqres.in","first_name":"Michael","last_name":"Lawson","avatar":"https://reqres.in/img/faces/7-image.jpg"},{"id":8,"email":"lindsay.ferguson@reqres.in","first_name":"Lindsay","last_name":"Ferguson","avatar":"https://reqres.in/img/faces/8-image.jpg"},{"id":9,"email":"tobias.funke@reqres.in","first_name":"Tobias","last_name":"Funke","avatar":"https://reqres.in/img/faces/9-image.jpg"},{"id":10,"email":"byron.fields@reqres.in","first_name":"Byron","last_name":"Fields","avatar":"https://reqres.in/img/faces/10-image.jpg"},{"id":11,"email":"george.edwards@reqres.in","first_name":"George","last_name":"Edwards","avatar":"https://reqres.in/img/faces/11-image.jpg"},{"id":12,"email":"rachel.howell@reqres.in","first_name":"Rachel","last_name":"Howell","avatar":"https://reqres.in/img/faces/12-image.jpg"}],"support":{"url":"https://contentcaddy.io?utm_source=reqres&amp;utm_medium=json&amp;utm_campaign=referral","text":"Tired of writing endless social media content? Let Content Caddy generate it for you."},"_meta":{"powered_by":"🚀 ReqRes - Deploy backends in 30 seconds","upgrade_url":"https://app.reqres.in/upgrade","docs_url":"https://reqres.in","template_gallery":"https://app.reqres.in/templates","message":"This API is powered by ReqRes. Deploy your own backend in 30 seconds!","features":["30 Second Backend Templates","Custom API Endpoints","Data Persistence","Real-time Analytics"],"upgrade_cta":"Upgrade to Pro for unlimited requests, custom endpoints, and data persistence"}} 
 </msg>
<msg time="2025-11-19T06:06:44.775737" level="INFO">${usersList} = &lt;Response [200]&gt;</msg>
<var>${usersList}</var>
<arg>users</arg>
<arg>/users</arg>
<arg>headers=${headers}</arg>
<arg>params=${params}</arg>
<arg>expected_status=Anything</arg>
<doc>Sends a GET request on a previously created HTTP Session.</doc>
<status status="PASS" start="2025-11-19T06:06:44.613168" elapsed="0.162588"/>
</kw>
<kw name="Set Variable" owner="BuiltIn">
<msg time="2025-11-19T06:06:44.776307" level="INFO">${usersListJson} = {'page': 2, 'per_page': 6, 'total': 12, 'total_pages': 2, 'data': [{'id': 7, 'email': 'michael.lawson@reqres.in', 'first_name': 'Michael', 'last_name': 'Lawson', 'avatar': 'https://reqres.in/img/faces...</msg>
<var>${usersListJson}</var>
<arg>${usersList.json()}</arg>
<doc>Returns the given values which can then be assigned to a variables.</doc>
<status status="PASS" start="2025-11-19T06:06:44.775901" elapsed="0.000428"/>
</kw>
<kw name="Set Test Variable" owner="BuiltIn">
<msg time="2025-11-19T06:06:44.776586" level="INFO">${usersListJson} = {'page': 2, 'per_page': 6, 'total': 12, 'total_pages': 2, 'data': [{'id': 7, 'email': 'michael.lawson@reqres.in', 'first_name': 'Michael', 'last_name': 'Lawson', 'avatar': 'https://reqres.in/img/faces...</msg>
<arg>${usersListJson}</arg>
<doc>Makes a variable available everywhere within the scope of the current test.</doc>
<status status="PASS" start="2025-11-19T06:06:44.776417" elapsed="0.000197"/>
</kw>
<arg>2</arg>
<status status="PASS" start="2025-11-19T06:06:44.611410" elapsed="0.165249"/>
</kw>
<kw name="status code should be" owner="init">
<kw name="Status Should Be" owner="RequestsLibrary">
<arg>${expectedStatusCode}</arg>
<doc>Fails if response status code is different than the expected.</doc>
<status status="PASS" start="2025-11-19T06:06:44.777204" elapsed="0.000105"/>
</kw>
<arg>200</arg>
<status status="PASS" start="2025-11-19T06:06:44.776969" elapsed="0.000387"/>
</kw>
<kw name="user data not empty" owner="users">
<kw name="Get Value From Json" owner="JSONLibrary">
<msg time="2025-11-19T06:06:44.790916" level="INFO">${data} = [[{'id': 7, 'email': 'michael.lawson@reqres.in', 'first_name': 'Michael', 'last_name': 'Lawson', 'avatar': 'https://reqres.in/img/faces/7-image.jpg'}, {'id': 8, 'email': 'lindsay.ferguson@reqres.in', ...</msg>
<var>${data}</var>
<arg>${usersListJson}</arg>
<arg>$.data</arg>
<doc>Get Value From JSON using JSONPath</doc>
<status status="PASS" start="2025-11-19T06:06:44.777872" elapsed="0.013081"/>
</kw>
<kw name="Set Variable" owner="BuiltIn">
<msg time="2025-11-19T06:06:44.791474" level="INFO">${data} = [{'id': 7, 'email': 'michael.lawson@reqres.in', 'first_name': 'Michael', 'last_name': 'Lawson', 'avatar': 'https://reqres.in/img/faces/7-image.jpg'}, {'id': 8, 'email': 'lindsay.ferguson@reqres.in', '...</msg>
<var>${data}</var>
<arg>${data[0]}</arg>
<doc>Returns the given values which can then be assigned to a variables.</doc>
<status status="PASS" start="2025-11-19T06:06:44.791079" elapsed="0.000418"/>
</kw>
<kw name="Length Should Be" owner="BuiltIn">
<msg time="2025-11-19T06:06:44.791679" level="INFO">Length is 6.</msg>
<arg>${data}</arg>
<arg>6</arg>
<doc>Verifies that the length of the given item is correct.</doc>
<status status="PASS" start="2025-11-19T06:06:44.791582" elapsed="0.000125"/>
</kw>
<status status="PASS" start="2025-11-19T06:06:44.777683" elapsed="0.014072"/>
</kw>
<status status="PASS" start="2025-11-19T06:06:44.610946" elapsed="0.181098"/>
</test>
<test id="s1-t3" name="Verify user not able to get user list from page 3 and more" line="15">
<kw name="user hit users list in page" owner="users">
<kw name="Create Dictionary" owner="BuiltIn">
<msg time="2025-11-19T06:06:44.793515" level="INFO">${params} = {'page': '3'}</msg>
<var>${params}</var>
<arg>page=${page}</arg>
<doc>Creates and returns a dictionary based on the given ``items``.</doc>
<status status="PASS" start="2025-11-19T06:06:44.793345" elapsed="0.000199"/>
</kw>
<kw name="Create Dictionary" owner="BuiltIn">
<msg time="2025-11-19T06:06:44.793757" level="INFO">${headers} = {'x-api-key': 'reqres-free-v1'}</msg>
<var>${headers}</var>
<arg>x-api-key=reqres-free-v1</arg>
<doc>Creates and returns a dictionary based on the given ``items``.</doc>
<status status="PASS" start="2025-11-19T06:06:44.793657" elapsed="0.000117"/>
</kw>
<kw name="Create Session" owner="RequestsLibrary">
<msg time="2025-11-19T06:06:44.793997" level="INFO">Creating Session using : alias=users, url=https://reqres.in/api, headers={},                     cookies={}, auth=None, timeout=None, proxies=None, verify=False,                     debug=0 </msg>
<arg>users</arg>
<arg>${baseUrl}</arg>
<arg>disable_warnings=1</arg>
<doc>Create Session: create a HTTP session to a server</doc>
<status status="PASS" start="2025-11-19T06:06:44.793845" elapsed="0.000335"/>
</kw>
<kw name="GET On Session" owner="RequestsLibrary">
<msg time="2025-11-19T06:06:44.984825" level="INFO">GET Request : url=https://reqres.in/api/users?page=3 
 path_url=/api/users?page=3 
 headers={'User-Agent': 'python-requests/2.32.5', 'Accept-Encoding': 'gzip, deflate', 'Accept': '*/*', 'Connection': 'keep-alive', 'x-api-key': 'reqres-free-v1'} 
 body=None 
 </msg>
<msg time="2025-11-19T06:06:44.984922" level="INFO">GET Response : url=https://reqres.in/api/users?page=3 
 status=200, reason=OK 
 headers={'Date': 'Tue, 18 Nov 2025 23:06:45 GMT', 'Content-Type': 'application/json; charset=utf-8', 'Transfer-Encoding': 'chunked', 'Connection': 'keep-alive', 'Access-Control-Allow-Credentials': 'true', 'Access-Control-Allow-Headers': 'Origin, X-Requested-With, Content-Type, Accept, Authorization, x-api-key', 'Access-Control-Allow-Methods': 'GET, POST, PUT, DELETE, OPTIONS', 'Access-Control-Allow-Origin': 'http://localhost:5173', 'etag': 'W/"2e1-PesLOpJhEucpDtkTbRGiojoTmGY"', 'Nel': '{"report_to":"heroku-nel","response_headers":["Via"],"max_age":3600,"success_fraction":0.01,"failure_fraction":0.1}', 'Ratelimit-Limit': '100', 'Ratelimit-Policy': '100;w=60', 'Ratelimit-Remaining': '98', 'Ratelimit-Reset': '60', 'Referrer-Policy': 'strict-origin-when-cross-origin', 'Report-To': '{"group":"heroku-nel","endpoints":[{"url":"https://nel.heroku.com/reports?s=R3M%2FAUABznKEOJtimKVClThjoHD6dTqHfMG6zZXgox0%3D\\u0026sid=c4c9725f-1ab0-44d8-820f-430df2718e11\\u0026ts=1763463403"}],"max_age":3600}', 'Reporting-Endpoints': 'heroku-nel="https://nel.heroku.com/reports?s=R3M%2FAUABznKEOJtimKVClThjoHD6dTqHfMG6zZXgox0%3D&amp;sid=c4c9725f-1ab0-44d8-820f-430df2718e11&amp;ts=1763463403"', 'Server': 'cloudflare', 'Vary': 'Origin, accept-encoding', 'Via': '1.1 heroku-router', 'X-Content-Type-Options': 'nosniff', 'X-Frame-Options': 'DENY', 'X-Powered-By': 'ReqRes.in - Deploy backends in 30 seconds', 'X-Reqres-Docs': 'https://reqres.in', 'X-Reqres-Message': 'This API is powered by ReqRes. Deploy your own backend in 30 seconds!', 'X-Reqres-Templates': 'https://app.reqres.in/templates', 'X-Reqres-Upgrade': 'https://app.reqres.in/upgrade', 'X-Request-Id': '1946fc75-fbbd-9989-36ff-048620b4ff81', 'X-Xss-Protection': '1; mode=block', 'Age': '1921', 'Cache-Control': 'max-age=14400', 'cf-cache-status': 'HIT', 'Content-Encoding': 'gzip', 'CF-RAY': '9a0b1ec16959e9d1-CGK'} 
 body={"page":3,"per_page":6,"total":12,"total_pages":2,"data":[],"support":{"url":"https://contentcaddy.io?utm_source=reqres&amp;utm_medium=json&amp;utm_campaign=referral","text":"Tired of writing endless social media content? Let Content Caddy generate it for you."},"_meta":{"powered_by":"🚀 ReqRes - Deploy backends in 30 seconds","upgrade_url":"https://app.reqres.in/upgrade","docs_url":"https://reqres.in","template_gallery":"https://app.reqres.in/templates","message":"This API is powered by ReqRes. Deploy your own backend in 30 seconds!","features":["30 Second Backend Templates","Custom API Endpoints","Data Persistence","Real-time Analytics"],"upgrade_cta":"Upgrade to Pro for unlimited requests, custom endpoints, and data persistence"}} 
 </msg>
<msg time="2025-11-19T06:06:44.985076" level="INFO">${usersList} = &lt;Response [200]&gt;</msg>
<var>${usersList}</var>
<arg>users</arg>
<arg>/users</arg>
<arg>headers=${headers}</arg>
<arg>params=${params}</arg>
<arg>expected_status=Anything</arg>
<doc>Sends a GET request on a previously created HTTP Session.</doc>
<status status="PASS" start="2025-11-19T06:06:44.794270" elapsed="0.190825"/>
</kw>
<kw name="Set Variable" owner="BuiltIn">
<msg time="2025-11-19T06:06:44.985632" level="INFO">${usersListJson} = {'page': 3, 'per_page': 6, 'total': 12, 'total_pages': 2, 'data': [], 'support': {'url': 'https://contentcaddy.io?utm_source=reqres&amp;utm_medium=json&amp;utm_campaign=referral', 'text': 'Tired of writing en...</msg>
<var>${usersListJson}</var>
<arg>${usersList.json()}</arg>
<doc>Returns the given values which can then be assigned to a variables.</doc>
<status status="PASS" start="2025-11-19T06:06:44.985233" elapsed="0.000420"/>
</kw>
<kw name="Set Test Variable" owner="BuiltIn">
<msg time="2025-11-19T06:06:44.985877" level="INFO">${usersListJson} = {'page': 3, 'per_page': 6, 'total': 12, 'total_pages': 2, 'data': [], 'support': {'url': 'https://contentcaddy.io?utm_source=reqres&amp;utm_medium=json&amp;utm_campaign=referral', 'text': 'Tired of writing en...</msg>
<arg>${usersListJson}</arg>
<doc>Makes a variable available everywhere within the scope of the current test.</doc>
<status status="PASS" start="2025-11-19T06:06:44.985748" elapsed="0.000170"/>
</kw>
<arg>3</arg>
<status status="PASS" start="2025-11-19T06:06:44.793004" elapsed="0.192961"/>
</kw>
<kw name="status code should be" owner="init">
<kw name="Status Should Be" owner="RequestsLibrary">
<arg>${expectedStatusCode}</arg>
<doc>Fails if response status code is different than the expected.</doc>
<status status="PASS" start="2025-11-19T06:06:44.986495" elapsed="0.000102"/>
</kw>
<arg>200</arg>
<status status="PASS" start="2025-11-19T06:06:44.986266" elapsed="0.000375"/>
</kw>
<kw name="user data empty" owner="users">
<kw name="Get Value From Json" owner="JSONLibrary">
<msg time="2025-11-19T06:06:45.003164" level="INFO">${data} = [[]]</msg>
<var>${data}</var>
<arg>${usersListJson}</arg>
<arg>$.data</arg>
<doc>Get Value From JSON using JSONPath</doc>
<status status="PASS" start="2025-11-19T06:06:44.987016" elapsed="0.016218"/>
</kw>
<kw name="Set Variable" owner="BuiltIn">
<msg time="2025-11-19T06:06:45.004198" level="INFO">${data} = []</msg>
<var>${data}</var>
<arg>${data[0]}</arg>
<doc>Returns the given values which can then be assigned to a variables.</doc>
<status status="PASS" start="2025-11-19T06:06:45.003449" elapsed="0.000793"/>
</kw>
<kw name="Length Should Be" owner="BuiltIn">
<msg time="2025-11-19T06:06:45.004577" level="INFO">Length is 0.</msg>
<arg>${data}</arg>
<arg>0</arg>
<doc>Verifies that the length of the given item is correct.</doc>
<status status="PASS" start="2025-11-19T06:06:45.004410" elapsed="0.000231"/>
</kw>
<status status="PASS" start="2025-11-19T06:06:44.986839" elapsed="0.017887"/>
</kw>
<status status="PASS" start="2025-11-19T06:06:44.792537" elapsed="0.212443"/>
</test>
<test id="s1-t4" name="Verify user can create new user" line="20">
<kw name="user create new user" owner="users">
<kw name="Create Dictionary" owner="BuiltIn">
<msg time="2025-11-19T06:06:45.006019" level="INFO">${json} = {'name': 'morpheus', 'job': 'leader'}</msg>
<var>${json}</var>
<arg>name=morpheus</arg>
<arg>job=leader</arg>
<doc>Creates and returns a dictionary based on the given ``items``.</doc>
<status status="PASS" start="2025-11-19T06:06:45.005879" elapsed="0.000163"/>
</kw>
<kw name="Create Dictionary" owner="BuiltIn">
<msg time="2025-11-19T06:06:45.006223" level="INFO">${headers} = {'x-api-key': 'reqres-free-v1'}</msg>
<var>${headers}</var>
<arg>x-api-key=reqres-free-v1</arg>
<doc>Creates and returns a dictionary based on the given ``items``.</doc>
<status status="PASS" start="2025-11-19T06:06:45.006122" elapsed="0.000119"/>
</kw>
<kw name="Create Session" owner="RequestsLibrary">
<msg time="2025-11-19T06:06:45.006461" level="INFO">Creating Session using : alias=users, url=https://reqres.in/api, headers={},                     cookies={}, auth=None, timeout=None, proxies=None, verify=False,                     debug=0 </msg>
<arg>users</arg>
<arg>${baseUrl}</arg>
<arg>disable_warnings=1</arg>
<doc>Create Session: create a HTTP session to a server</doc>
<status status="PASS" start="2025-11-19T06:06:45.006312" elapsed="0.000358"/>
</kw>
<kw name="POST On Session" owner="RequestsLibrary">
<msg time="2025-11-19T06:06:45.666288" level="INFO">POST Request : url=https://reqres.in/api/users 
 path_url=/api/users 
 headers={'User-Agent': 'python-requests/2.32.5', 'Accept-Encoding': 'gzip, deflate', 'Accept': '*/*', 'Connection': 'keep-alive', 'x-api-key': 'reqres-free-v1', 'Content-Length': '37', 'Content-Type': 'application/json'} 
 body=b'{"name": "morpheus", "job": "leader"}' 
 </msg>
<msg time="2025-11-19T06:06:45.666376" level="INFO">POST Response : url=https://reqres.in/api/users 
 status=201, reason=Created 
 headers={'Date': 'Tue, 18 Nov 2025 23:06:46 GMT', 'Content-Type': 'application/json; charset=utf-8', 'Content-Length': '84', 'Connection': 'keep-alive', 'Access-Control-Allow-Credentials': 'true', 'Access-Control-Allow-Headers': 'Origin, X-Requested-With, Content-Type, Accept, Authorization, x-api-key', 'Access-Control-Allow-Methods': 'GET, POST, PUT, DELETE, OPTIONS', 'Access-Control-Allow-Origin': 'http://localhost:5173', 'Etag': 'W/"54-HoX4Im6tZ73VIuCbPI8o4VtWzek"', 'Nel': '{"report_to":"heroku-nel","response_headers":["Via"],"max_age":3600,"success_fraction":0.01,"failure_fraction":0.1}', 'Ratelimit-Limit': '100', 'Ratelimit-Policy': '100;w=60', 'Ratelimit-Remaining': '98', 'Ratelimit-Reset': '60', 'Referrer-Policy': 'strict-origin-when-cross-origin', 'Report-To': '{"group":"heroku-nel","endpoints":[{"url":"https://nel.heroku.com/reports?s=GJ3eDEclpWMEZTK%2Bgk1ML%2BVDD4qRhQmXd796a9P8pW0%3D\\u0026sid=c4c9725f-1ab0-44d8-820f-430df2718e11\\u0026ts=1763507205"}],"max_age":3600}', 'Reporting-Endpoints': 'heroku-nel="https://nel.heroku.com/reports?s=GJ3eDEclpWMEZTK%2Bgk1ML%2BVDD4qRhQmXd796a9P8pW0%3D&amp;sid=c4c9725f-1ab0-44d8-820f-430df2718e11&amp;ts=1763507205"', 'Server': 'cloudflare', 'Vary': 'Origin', 'Via': '1.1 heroku-router', 'X-Content-Type-Options': 'nosniff', 'X-Frame-Options': 'DENY', 'X-Powered-By': 'ReqRes.in - Deploy backends in 30 seconds', 'X-Reqres-Docs': 'https://reqres.in', 'X-Reqres-Message': 'This API is powered by ReqRes. Deploy your own backend in 30 seconds!', 'X-Reqres-Templates': 'https://app.reqres.in/templates', 'X-Reqres-Upgrade': 'https://app.reqres.in/upgrade', 'X-Request-Id': 'e304fe8e-d737-8bdf-59a3-6bc32cbc087e', 'X-Xss-Protection': '1; mode=block', 'cf-cache-status': 'DYNAMIC', 'CF-RAY': '9a0b1ec2786be9cc-CGK'} 
 body={"name":"morpheus","job":"leader","id":"270","createdAt":"2025-11-18T23:06:45.938Z"} 
 </msg>
<msg time="2025-11-19T06:06:45.666499" level="INFO">${createUser} = &lt;Response [201]&gt;</msg>
<var>${createUser}</var>
<arg>users</arg>
<arg>/users</arg>
<arg>headers=${headers}</arg>
<arg>json=${json}</arg>
<arg>expected_status=Anything</arg>
<doc>Sends a POST request on a previously created HTTP Session.</doc>
<status status="PASS" start="2025-11-19T06:06:45.006913" elapsed="0.659605"/>
</kw>
<kw name="Set Variable" owner="BuiltIn">
<msg time="2025-11-19T06:06:45.667007" level="INFO">${createUserJson} = {'name': 'morpheus', 'job': 'leader', 'id': '270', 'createdAt': '2025-11-18T23:06:45.938Z'}</msg>
<var>${createUserJson}</var>
<arg>${createUser.json()}</arg>
<doc>Returns the given values which can then be assigned to a variables.</doc>
<status status="PASS" start="2025-11-19T06:06:45.666652" elapsed="0.000374"/>
</kw>
<kw name="Set Test Variable" owner="BuiltIn">
<msg time="2025-11-19T06:06:45.667220" level="INFO">${createUserJson} = {'name': 'morpheus', 'job': 'leader', 'id': '270', 'createdAt': '2025-11-18T23:06:45.938Z'}</msg>
<arg>${createUserJson}</arg>
<doc>Makes a variable available everywhere within the scope of the current test.</doc>
<status status="PASS" start="2025-11-19T06:06:45.667113" elapsed="0.000133"/>
</kw>
<status status="PASS" start="2025-11-19T06:06:45.005654" elapsed="0.661635"/>
</kw>
<kw name="status code should be" owner="init">
<kw name="Status Should Be" owner="RequestsLibrary">
<arg>${expectedStatusCode}</arg>
<doc>Fails if response status code is different than the expected.</doc>
<status status="PASS" start="2025-11-19T06:06:45.667711" elapsed="0.000092"/>
</kw>
<arg>201</arg>
<status status="PASS" start="2025-11-19T06:06:45.667526" elapsed="0.000315"/>
</kw>
<status status="PASS" start="2025-11-19T06:06:45.005294" elapsed="0.662672"/>
</test>
<test id="s1-t5" name="Verify user can update existing user" line="24">
<kw name="user update existing user" owner="users">
<kw name="Create Dictionary" owner="BuiltIn">
<msg time="2025-11-19T06:06:45.668742" level="INFO">${json} = {'name': 'morpheus', 'job': 'zion resident'}</msg>
<var>${json}</var>
<arg>name=morpheus</arg>
<arg>job=zion resident</arg>
<doc>Creates and returns a dictionary based on the given ``items``.</doc>
<status status="PASS" start="2025-11-19T06:06:45.668615" elapsed="0.000147"/>
</kw>
<kw name="Create Dictionary" owner="BuiltIn">
<msg time="2025-11-19T06:06:45.668926" level="INFO">${headers} = {'x-api-key': 'reqres-free-v1'}</msg>
<var>${headers}</var>
<arg>x-api-key=reqres-free-v1</arg>
<doc>Creates and returns a dictionary based on the given ``items``.</doc>
<status status="PASS" start="2025-11-19T06:06:45.668832" elapsed="0.000116"/>
</kw>
<kw name="Create Session" owner="RequestsLibrary">
<msg time="2025-11-19T06:06:45.669230" level="INFO">Creating Session using : alias=users, url=https://reqres.in/api, headers={},                     cookies={}, auth=None, timeout=None, proxies=None, verify=False,                     debug=0 </msg>
<arg>users</arg>
<arg>${baseUrl}</arg>
<arg>disable_warnings=1</arg>
<doc>Create Session: create a HTTP session to a server</doc>
<status status="PASS" start="2025-11-19T06:06:45.669046" elapsed="0.000317"/>
</kw>
<kw name="PUT On Session" owner="RequestsLibrary">
<msg time="2025-11-19T06:06:46.248552" level="INFO">PUT Request : url=https://reqres.in/api/users/2 
 path_url=/api/users/2 
 headers={'User-Agent': 'python-requests/2.32.5', 'Accept-Encoding': 'gzip, deflate', 'Accept': '*/*', 'Connection': 'keep-alive', 'x-api-key': 'reqres-free-v1', 'Content-Length': '44', 'Content-Type': 'application/json'} 
 body=b'{"name": "morpheus", "job": "zion resident"}' 
 </msg>
<msg time="2025-11-19T06:06:46.248641" level="INFO">PUT Response : url=https://reqres.in/api/users/2 
 status=200, reason=OK 
 headers={'Date': 'Tue, 18 Nov 2025 23:06:46 GMT', 'Content-Type': 'application/json; charset=utf-8', 'Transfer-Encoding': 'chunked', 'Connection': 'keep-alive', 'Access-Control-Allow-Credentials': 'true', 'Access-Control-Allow-Headers': 'Origin, X-Requested-With, Content-Type, Accept, Authorization, x-api-key', 'Access-Control-Allow-Methods': 'GET, POST, PUT, DELETE, OPTIONS', 'Access-Control-Allow-Origin': 'http://localhost:5173', 'Etag': 'W/"50-+Z2bjUGVTeNI8vbyqED1Gp8EeOg"', 'Nel': '{"report_to":"heroku-nel","response_headers":["Via"],"max_age":3600,"success_fraction":0.01,"failure_fraction":0.1}', 'Ratelimit-Limit': '100', 'Ratelimit-Policy': '100;w=60', 'Ratelimit-Remaining': '98', 'Ratelimit-Reset': '60', 'Referrer-Policy': 'strict-origin-when-cross-origin', 'Report-To': '{"group":"heroku-nel","endpoints":[{"url":"https://nel.heroku.com/reports?s=81BmBnwueox4MbHdZ0UUikmn9vzCK8vTyCiu9jUUmvo%3D\\u0026sid=c4c9725f-1ab0-44d8-820f-430df2718e11\\u0026ts=1763507206"}],"max_age":3600}', 'Reporting-Endpoints': 'heroku-nel="https://nel.heroku.com/reports?s=81BmBnwueox4MbHdZ0UUikmn9vzCK8vTyCiu9jUUmvo%3D&amp;sid=c4c9725f-1ab0-44d8-820f-430df2718e11&amp;ts=1763507206"', 'Server': 'cloudflare', 'Vary': 'Origin, accept-encoding', 'Via': '1.1 heroku-router', 'X-Content-Type-Options': 'nosniff', 'X-Frame-Options': 'DENY', 'X-Powered-By': 'ReqRes.in - Deploy backends in 30 seconds', 'X-Reqres-Docs': 'https://reqres.in', 'X-Reqres-Message': 'This API is powered by ReqRes. Deploy your own backend in 30 seconds!', 'X-Reqres-Templates': 'https://app.reqres.in/templates', 'X-Reqres-Upgrade': 'https://app.reqres.in/upgrade', 'X-Request-Id': '6b761dd4-a828-3e50-b01a-7f3389e8d09c', 'X-Xss-Protection': '1; mode=block', 'cf-cache-status': 'DYNAMIC', 'Content-Encoding': 'gzip', 'CF-RAY': '9a0b1ec68fd7e9cb-CGK'} 
 body={"name":"morpheus","job":"zion resident","updatedAt":"2025-11-18T23:06:46.515Z"} 
 </msg>
<msg time="2025-11-19T06:06:46.248750" level="INFO">${updateUser} = &lt;Response [200]&gt;</msg>
<var>${updateUser}</var>
<arg>users</arg>
<arg>/users/2</arg>
<arg>headers=${headers}</arg>
<arg>json=${json}</arg>
<arg>expected_status=Anything</arg>
<doc>Sends a PUT request on a previously created HTTP Session.</doc>
<status status="PASS" start="2025-11-19T06:06:45.669588" elapsed="0.579181"/>
</kw>
<kw name="Set Variable" owner="BuiltIn">
<msg time="2025-11-19T06:06:46.249268" level="INFO">${updateUserJson} = {'name': 'morpheus', 'job': 'zion resident', 'updatedAt': '2025-11-18T23:06:46.515Z'}</msg>
<var>${updateUserJson}</var>
<arg>${updateUser.json()}</arg>
<doc>Returns the given values which can then be assigned to a variables.</doc>
<status status="PASS" start="2025-11-19T06:06:46.248903" elapsed="0.000385"/>
</kw>
<kw name="Set Test Variable" owner="BuiltIn">
<msg time="2025-11-19T06:06:46.249489" level="INFO">${updateUserJson} = {'name': 'morpheus', 'job': 'zion resident', 'updatedAt': '2025-11-18T23:06:46.515Z'}</msg>
<arg>${updateUserJson}</arg>
<doc>Makes a variable available everywhere within the scope of the current test.</doc>
<status status="PASS" start="2025-11-19T06:06:46.249381" elapsed="0.000134"/>
</kw>
<status status="PASS" start="2025-11-19T06:06:45.668455" elapsed="0.581102"/>
</kw>
<kw name="status code should be" owner="init">
<kw name="Status Should Be" owner="RequestsLibrary">
<arg>${expectedStatusCode}</arg>
<doc>Fails if response status code is different than the expected.</doc>
<status status="PASS" start="2025-11-19T06:06:46.249967" elapsed="0.000092"/>
</kw>
<arg>200</arg>
<status status="PASS" start="2025-11-19T06:06:46.249783" elapsed="0.000316"/>
</kw>
<status status="PASS" start="2025-11-19T06:06:45.668195" elapsed="0.582039"/>
</test>
<test id="s1-t6" name="Verify user can delete existing user" line="28">
<kw name="user delete existing user" owner="users">
<kw name="Create Dictionary" owner="BuiltIn">
<msg time="2025-11-19T06:06:46.250994" level="INFO">${headers} = {'x-api-key': 'reqres-free-v1'}</msg>
<var>${headers}</var>
<arg>x-api-key=reqres-free-v1</arg>
<doc>Creates and returns a dictionary based on the given ``items``.</doc>
<status status="PASS" start="2025-11-19T06:06:46.250886" elapsed="0.000126"/>
</kw>
<kw name="Create Session" owner="RequestsLibrary">
<msg time="2025-11-19T06:06:46.251208" level="INFO">Creating Session using : alias=users, url=https://reqres.in/api, headers={},                     cookies={}, auth=None, timeout=None, proxies=None, verify=False,                     debug=0 </msg>
<arg>users</arg>
<arg>${baseUrl}</arg>
<arg>disable_warnings=1</arg>
<doc>Create Session: create a HTTP session to a server</doc>
<status status="PASS" start="2025-11-19T06:06:46.251078" elapsed="0.000243"/>
</kw>
<kw name="DELETE On Session" owner="RequestsLibrary">
<msg time="2025-11-19T06:06:46.613218" level="INFO">DELETE Request : url=https://reqres.in/api/users/2 
 path_url=/api/users/2 
 headers={'User-Agent': 'python-requests/2.32.5', 'Accept-Encoding': 'gzip, deflate', 'Accept': '*/*', 'Connection': 'keep-alive', 'x-api-key': 'reqres-free-v1', 'Content-Length': '0'} 
 body=None 
 </msg>
<msg time="2025-11-19T06:06:46.613333" level="INFO">DELETE Response : url=https://reqres.in/api/users/2 
 status=204, reason=No Content 
 headers={'Date': 'Tue, 18 Nov 2025 23:06:46 GMT', 'Connection': 'keep-alive', 'Access-Control-Allow-Credentials': 'true', 'Access-Control-Allow-Headers': 'Origin, X-Requested-With, Content-Type, Accept, Authorization, x-api-key', 'Access-Control-Allow-Methods': 'GET, POST, PUT, DELETE, OPTIONS', 'Access-Control-Allow-Origin': 'http://localhost:5173', 'Etag': 'W/"2-vyGp6PvFo4RvsFtPoIWeCReyIC8"', 'Nel': '{"report_to":"heroku-nel","response_headers":["Via"],"max_age":3600,"success_fraction":0.01,"failure_fraction":0.1}', 'Ratelimit-Limit': '100', 'Ratelimit-Policy': '100;w=60', 'Ratelimit-Remaining': '96', 'Ratelimit-Reset': '60', 'Referrer-Policy': 'strict-origin-when-cross-origin', 'Report-To': '{"group":"heroku-nel","endpoints":[{"url":"https://nel.heroku.com/reports?s=81BmBnwueox4MbHdZ0UUikmn9vzCK8vTyCiu9jUUmvo%3D\\u0026sid=c4c9725f-1ab0-44d8-820f-430df2718e11\\u0026ts=1763507206"}],"max_age":3600}', 'Reporting-Endpoints': 'heroku-nel="https://nel.heroku.com/reports?s=81BmBnwueox4MbHdZ0UUikmn9vzCK8vTyCiu9jUUmvo%3D&amp;sid=c4c9725f-1ab0-44d8-820f-430df2718e11&amp;ts=1763507206"', 'Server': 'cloudflare', 'Vary': 'Origin', 'Via': '1.1 heroku-router', 'X-Content-Type-Options': 'nosniff', 'X-Frame-Options': 'DENY', 'X-Powered-By': 'ReqRes.in - Deploy backends in 30 seconds', 'X-Reqres-Docs': 'https://reqres.in', 'X-Reqres-Message': 'This API is powered by ReqRes. Deploy your own backend in 30 seconds!', 'X-Reqres-Templates': 'https://app.reqres.in/templates', 'X-Reqres-Upgrade': 'https://app.reqres.in/upgrade', 'X-Request-Id': '3ee68e2c-2ccd-c73c-9d8c-c2bb091307c4', 'X-Xss-Protection': '1; mode=block', 'cf-cache-status': 'DYNAMIC', 'CF-RAY': '9a0b1eca4ef6e9c7-CGK'} 
 body=None 
 </msg>
<msg time="2025-11-19T06:06:46.613441" level="INFO">${deleteUser} = &lt;Response [204]&gt;</msg>
<var>${deleteUser}</var>
<arg>users</arg>
<arg>/users/2</arg>
<arg>headers=${headers}</arg>
<arg>expected_status=Anything</arg>
<doc>Sends a DELETE request on a previously created HTTP Session.</doc>
<status status="PASS" start="2025-11-19T06:06:46.251390" elapsed="0.362071"/>
</kw>
<status status="PASS" start="2025-11-19T06:06:46.250744" elapsed="0.362805"/>
</kw>
<kw name="status code should be" owner="init">
<kw name="Status Should Be" owner="RequestsLibrary">
<arg>${expectedStatusCode}</arg>
<doc>Fails if response status code is different than the expected.</doc>
<status status="PASS" start="2025-11-19T06:06:46.614053" elapsed="0.000187"/>
</kw>
<arg>204</arg>
<status status="PASS" start="2025-11-19T06:06:46.613824" elapsed="0.000464"/>
</kw>
<status status="PASS" start="2025-11-19T06:06:46.250501" elapsed="0.363957"/>
</test>
<status status="PASS" start="2025-11-19T06:06:44.188348" elapsed="2.426568"/>
</suite>
<statistics>
<total>
<stat pass="6" fail="0" skip="0">All Tests</stat>
</total>
<tag>
</tag>
<suite>
<stat name="Users" id="s1" pass="6" fail="0" skip="0">Users</stat>
</suite>
</statistics>
<errors>
</errors>
</robot>
