<?xml version="1.0" encoding="UTF-8"?>
<robot generator="Robot 7.3.1 (Python 3.13.3 on win32)" generated="2025-11-19T05:59:54.421505" rpa="false" schemaversion="5">
<suite id="s1" name="Users" source="d:\reqres\Test\users.robot">
<test id="s1-t1" name="Verify user able to get users list from page 1" line="5">
<kw name="user hit users list in page" owner="users">
<kw name="Create Dictionary" owner="BuiltIn">
<msg time="2025-11-19T05:59:54.661145" level="INFO">${params} = {'page': '1'}</msg>
<var>${params}</var>
<arg>page=${page}</arg>
<doc>Creates and returns a dictionary based on the given ``items``.</doc>
<status status="PASS" start="2025-11-19T05:59:54.660782" elapsed="0.002199"/>
</kw>
<kw name="Create Dictionary" owner="BuiltIn">
<msg time="2025-11-19T05:59:54.663512" level="INFO">${headers} = {'x-api-key': 'reqres-free-v1'}</msg>
<var>${headers}</var>
<arg>x-api-key=reqres-free-v1</arg>
<doc>Creates and returns a dictionary based on the given ``items``.</doc>
<status status="PASS" start="2025-11-19T05:59:54.663238" elapsed="0.000391"/>
</kw>
<kw name="Create Session" owner="RequestsLibrary">
<msg time="2025-11-19T05:59:54.664170" level="INFO">Creating Session using : alias=users, url=https://reqres.in/api, headers={},                     cookies={}, auth=None, timeout=None, proxies=None, verify=False,                     debug=0 </msg>
<arg>users</arg>
<arg>${baseUrl}</arg>
<arg>disable_warnings=1</arg>
<doc>Create Session: create a HTTP session to a server</doc>
<status status="PASS" start="2025-11-19T05:59:54.663809" elapsed="0.000631"/>
</kw>
<kw name="GET On Session" owner="RequestsLibrary">
<msg time="2025-11-19T05:59:54.950728" level="INFO">GET Request : url=https://reqres.in/api/users?page=1 
 path_url=/api/users?page=1 
 headers={'User-Agent': 'python-requests/2.32.5', 'Accept-Encoding': 'gzip, deflate', 'Accept': '*/*', 'Connection': 'keep-alive', 'x-api-key': 'reqres-free-v1'} 
 body=None 
 </msg>
<msg time="2025-11-19T05:59:54.951018" level="INFO">GET Response : url=https://reqres.in/api/users?page=1 
 status=200, reason=OK 
 headers={'Date': 'Tue, 18 Nov 2025 22:59:55 GMT', 'Content-Type': 'application/json; charset=utf-8', 'Transfer-Encoding': 'chunked', 'Connection': 'keep-alive', 'Access-Control-Allow-Credentials': 'true', 'Access-Control-Allow-Headers': 'Origin, X-Requested-With, Content-Type, Accept, Authorization, x-api-key', 'Access-Control-Allow-Methods': 'GET, POST, PUT, DELETE, OPTIONS', 'Access-Control-Allow-Origin': 'http://localhost:5173', 'Etag': 'W/"600-DSziLS3KlRfI5T2Av9pzclJLaQk"', 'Nel': '{"report_to":"heroku-nel","response_headers":["Via"],"max_age":3600,"success_fraction":0.01,"failure_fraction":0.1}', 'Ratelimit-Limit': '100', 'Ratelimit-Policy': '100;w=60', 'Ratelimit-Remaining': '97', 'Ratelimit-Reset': '11', 'Referrer-Policy': 'strict-origin-when-cross-origin', 'Report-To': '{"group":"heroku-nel","endpoints":[{"url":"https://nel.heroku.com/reports?s=MHhSn0DJfi%2BzB4wIymZkOTu7g8JBpkizegXAp5F8pwk%3D\\u0026sid=c4c9725f-1ab0-44d8-820f-430df2718e11\\u0026ts=1763500831"}],"max_age":3600}', 'Reporting-Endpoints': 'heroku-nel="https://nel.heroku.com/reports?s=MHhSn0DJfi%2BzB4wIymZkOTu7g8JBpkizegXAp5F8pwk%3D&amp;sid=c4c9725f-1ab0-44d8-820f-430df2718e11&amp;ts=1763500831"', 'Server': 'cloudflare', 'Vary': 'Origin, accept-encoding', 'Via': '1.1 heroku-router', 'X-Content-Type-Options': 'nosniff', 'X-Frame-Options': 'DENY', 'X-Powered-By': 'ReqRes.in - Deploy backends in 30 seconds', 'X-Reqres-Docs': 'https://reqres.in', 'X-Reqres-Message': 'This API is powered by ReqRes. Deploy your own backend in 30 seconds!', 'X-Reqres-Templates': 'https://app.reqres.in/templates', 'X-Reqres-Upgrade': 'https://app.reqres.in/upgrade', 'X-Request-Id': '3e8698dd-4a40-4077-7e08-da5135692d4f', 'X-Xss-Protection': '1; mode=block', 'Age': '5963', 'Cache-Control': 'max-age=14400', 'cf-cache-status': 'HIT', 'Content-Encoding': 'gzip', 'CF-RAY': '9a0b14bea921e9cd-CGK'} 
 body={"page":1,"per_page":6,"total":12,"total_pages":2,"data":[{"id":1,"email":"george.bluth@reqres.in","first_name":"George","last_name":"Bluth","avatar":"https://reqres.in/img/faces/1-image.jpg"},{"id":2,"email":"janet.weaver@reqres.in","first_name":"Janet","last_name":"Weaver","avatar":"https://reqres.in/img/faces/2-image.jpg"},{"id":3,"email":"emma.wong@reqres.in","first_name":"Emma","last_name":"Wong","avatar":"https://reqres.in/img/faces/3-image.jpg"},{"id":4,"email":"eve.holt@reqres.in","first_name":"Eve","last_name":"Holt","avatar":"https://reqres.in/img/faces/4-image.jpg"},{"id":5,"email":"charles.morris@reqres.in","first_name":"Charles","last_name":"Morris","avatar":"https://reqres.in/img/faces/5-image.jpg"},{"id":6,"email":"tracey.ramos@reqres.in","first_name":"Tracey","last_name":"Ramos","avatar":"https://reqres.in/img/faces/6-image.jpg"}],"support":{"url":"https://contentcaddy.io?utm_source=reqres&amp;utm_medium=json&amp;utm_campaign=referral","text":"Tired of writing endless social media content? Let Content Caddy generate it for you."},"_meta":{"powered_by":"🚀 ReqRes - Deploy backends in 30 seconds","upgrade_url":"https://app.reqres.in/upgrade","docs_url":"https://reqres.in","template_gallery":"https://app.reqres.in/templates","message":"This API is powered by ReqRes. Deploy your own backend in 30 seconds!","features":["30 Second Backend Templates","Custom API Endpoints","Data Persistence","Real-time Analytics"],"upgrade_cta":"Upgrade to Pro for unlimited requests, custom endpoints, and data persistence"}} 
 </msg>
<msg time="2025-11-19T05:59:54.951794" level="INFO">${usersList} = &lt;Response [200]&gt;</msg>
<var>${usersList}</var>
<arg>users</arg>
<arg>/users</arg>
<arg>headers=${headers}</arg>
<arg>params=${params}</arg>
<arg>expected_status=Anything</arg>
<doc>Sends a GET request on a previously created HTTP Session.</doc>
<status status="PASS" start="2025-11-19T05:59:54.664598" elapsed="0.287285"/>
</kw>
<kw name="Set Variable" owner="BuiltIn">
<msg time="2025-11-19T05:59:54.953477" level="INFO">${usersListJson} = {'page': 1, 'per_page': 6, 'total': 12, 'total_pages': 2, 'data': [{'id': 1, 'email': 'george.bluth@reqres.in', 'first_name': 'George', 'last_name': 'Bluth', 'avatar': 'https://reqres.in/img/faces/1-i...</msg>
<var>${usersListJson}</var>
<arg>${usersList.json()}</arg>
<doc>Returns the given values which can then be assigned to a variables.</doc>
<status status="PASS" start="2025-11-19T05:59:54.952092" elapsed="0.001565"/>
</kw>
<kw name="Set Test Variable" owner="BuiltIn">
<msg time="2025-11-19T05:59:54.954119" level="INFO">${usersListJson} = {'page': 1, 'per_page': 6, 'total': 12, 'total_pages': 2, 'data': [{'id': 1, 'email': 'george.bluth@reqres.in', 'first_name': 'George', 'last_name': 'Bluth', 'avatar': 'https://reqres.in/img/faces/1-i...</msg>
<arg>${usersListJson}</arg>
<doc>Makes a variable available everywhere within the scope of the current test.</doc>
<status status="PASS" start="2025-11-19T05:59:54.953846" elapsed="0.000372"/>
</kw>
<arg>1</arg>
<status status="PASS" start="2025-11-19T05:59:54.659706" elapsed="0.294626"/>
</kw>
<kw name="status code should be" owner="init">
<kw name="Status Should Be" owner="RequestsLibrary">
<arg>${expectedStatusCode}</arg>
<doc>Fails if response status code is different than the expected.</doc>
<status status="PASS" start="2025-11-19T05:59:54.955005" elapsed="0.000192"/>
</kw>
<arg>200</arg>
<status status="PASS" start="2025-11-19T05:59:54.954722" elapsed="0.000591"/>
</kw>
<kw name="user data not empty" owner="users">
<kw name="Get Value From Json" owner="JSONLibrary">
<msg time="2025-11-19T05:59:54.973106" level="INFO">${data} = [[{'id': 1, 'email': 'george.bluth@reqres.in', 'first_name': 'George', 'last_name': 'Bluth', 'avatar': 'https://reqres.in/img/faces/1-image.jpg'}, {'id': 2, 'email': 'janet.weaver@reqres.in', 'first_n...</msg>
<var>${data}</var>
<arg>${usersListJson}</arg>
<arg>$.data</arg>
<doc>Get Value From JSON using JSONPath</doc>
<status status="PASS" start="2025-11-19T05:59:54.955906" elapsed="0.017384"/>
</kw>
<kw name="Set Variable" owner="BuiltIn">
<msg time="2025-11-19T05:59:54.974040" level="INFO">${data} = [{'id': 1, 'email': 'george.bluth@reqres.in', 'first_name': 'George', 'last_name': 'Bluth', 'avatar': 'https://reqres.in/img/faces/1-image.jpg'}, {'id': 2, 'email': 'janet.weaver@reqres.in', 'first_na...</msg>
<var>${data}</var>
<arg>${data[0]}</arg>
<doc>Returns the given values which can then be assigned to a variables.</doc>
<status status="PASS" start="2025-11-19T05:59:54.973487" elapsed="0.000859"/>
</kw>
<kw name="Length Should Be" owner="BuiltIn">
<msg time="2025-11-19T05:59:54.974944" level="INFO">Length is 6.</msg>
<arg>${data}</arg>
<arg>6</arg>
<doc>Verifies that the length of the given item is correct.</doc>
<status status="PASS" start="2025-11-19T05:59:54.974618" elapsed="0.000606"/>
</kw>
<status status="PASS" start="2025-11-19T05:59:54.955641" elapsed="0.019732"/>
</kw>
<status status="PASS" start="2025-11-19T05:59:54.658974" elapsed="0.316853"/>
</test>
<test id="s1-t2" name="Verify user able to get users list from page 2" line="10">
<kw name="user hit users list in page" owner="users">
<kw name="Create Dictionary" owner="BuiltIn">
<msg time="2025-11-19T05:59:54.977812" level="INFO">${params} = {'page': '2'}</msg>
<var>${params}</var>
<arg>page=${page}</arg>
<doc>Creates and returns a dictionary based on the given ``items``.</doc>
<status status="PASS" start="2025-11-19T05:59:54.977567" elapsed="0.000361"/>
</kw>
<kw name="Create Dictionary" owner="BuiltIn">
<msg time="2025-11-19T05:59:54.978350" level="INFO">${headers} = {'x-api-key': 'reqres-free-v1'}</msg>
<var>${headers}</var>
<arg>x-api-key=reqres-free-v1</arg>
<doc>Creates and returns a dictionary based on the given ``items``.</doc>
<status status="PASS" start="2025-11-19T05:59:54.978133" elapsed="0.000307"/>
</kw>
<kw name="Create Session" owner="RequestsLibrary">
<msg time="2025-11-19T05:59:54.978810" level="INFO">Creating Session using : alias=users, url=https://reqres.in/api, headers={},                     cookies={}, auth=None, timeout=None, proxies=None, verify=False,                     debug=0 </msg>
<arg>users</arg>
<arg>${baseUrl}</arg>
<arg>disable_warnings=1</arg>
<doc>Create Session: create a HTTP session to a server</doc>
<status status="PASS" start="2025-11-19T05:59:54.978573" elapsed="0.000464"/>
</kw>
<kw name="GET On Session" owner="RequestsLibrary">
<msg time="2025-11-19T05:59:55.212566" level="INFO">GET Request : url=https://reqres.in/api/users?page=2 
 path_url=/api/users?page=2 
 headers={'User-Agent': 'python-requests/2.32.5', 'Accept-Encoding': 'gzip, deflate', 'Accept': '*/*', 'Connection': 'keep-alive', 'x-api-key': 'reqres-free-v1'} 
 body=None 
 </msg>
<msg time="2025-11-19T05:59:55.212814" level="INFO">GET Response : url=https://reqres.in/api/users?page=2 
 status=200, reason=OK 
 headers={'Date': 'Tue, 18 Nov 2025 22:59:55 GMT', 'Content-Type': 'application/json; charset=utf-8', 'Transfer-Encoding': 'chunked', 'Connection': 'keep-alive', 'Access-Control-Allow-Credentials': 'true', 'Access-Control-Allow-Headers': 'Origin, X-Requested-With, Content-Type, Accept, Authorization, x-api-key', 'Access-Control-Allow-Methods': 'GET, POST, PUT, DELETE, OPTIONS', 'Access-Control-Allow-Origin': 'http://localhost:5173', 'etag': 'W/"622-KQjAlhjVbadr0FbMXm/7VbcnD4w"', 'Nel': '{"report_to":"heroku-nel","response_headers":["Via"],"max_age":3600,"success_fraction":0.01,"failure_fraction":0.1}', 'Ratelimit-Limit': '100', 'Ratelimit-Policy': '100;w=60', 'Ratelimit-Remaining': '98', 'Ratelimit-Reset': '60', 'Referrer-Policy': 'strict-origin-when-cross-origin', 'Report-To': '{"group":"heroku-nel","endpoints":[{"url":"https://nel.heroku.com/reports?s=j9B4c1jPMC4l1Tr0c2OLQ142ZaOxep6nJ%2F4Q98A4FRw%3D\\u0026sid=c4c9725f-1ab0-44d8-820f-430df2718e11\\u0026ts=1763461203"}],"max_age":3600}', 'Reporting-Endpoints': 'heroku-nel="https://nel.heroku.com/reports?s=j9B4c1jPMC4l1Tr0c2OLQ142ZaOxep6nJ%2F4Q98A4FRw%3D&amp;sid=c4c9725f-1ab0-44d8-820f-430df2718e11&amp;ts=1763461203"', 'Server': 'cloudflare', 'Vary': 'Origin, accept-encoding', 'Via': '1.1 heroku-router', 'X-Content-Type-Options': 'nosniff', 'X-Frame-Options': 'DENY', 'X-Powered-By': 'ReqRes.in - Deploy backends in 30 seconds', 'X-Reqres-Docs': 'https://reqres.in', 'X-Reqres-Message': 'This API is powered by ReqRes. Deploy your own backend in 30 seconds!', 'X-Reqres-Templates': 'https://app.reqres.in/templates', 'X-Reqres-Upgrade': 'https://app.reqres.in/upgrade', 'X-Request-Id': '2571b37d-cc99-2aa6-2a05-33142ffbba7d', 'X-Xss-Protection': '1; mode=block', 'Age': '6379', 'Cache-Control': 'max-age=14400', 'cf-cache-status': 'HIT', 'Content-Encoding': 'gzip', 'CF-RAY': '9a0b14c049f4e9d4-CGK'} 
 body={"page":2,"per_page":6,"total":12,"total_pages":2,"data":[{"id":7,"email":"michael.lawson@reqres.in","first_name":"Michael","last_name":"Lawson","avatar":"https://reqres.in/img/faces/7-image.jpg"},{"id":8,"email":"lindsay.ferguson@reqres.in","first_name":"Lindsay","last_name":"Ferguson","avatar":"https://reqres.in/img/faces/8-image.jpg"},{"id":9,"email":"tobias.funke@reqres.in","first_name":"Tobias","last_name":"Funke","avatar":"https://reqres.in/img/faces/9-image.jpg"},{"id":10,"email":"byron.fields@reqres.in","first_name":"Byron","last_name":"Fields","avatar":"https://reqres.in/img/faces/10-image.jpg"},{"id":11,"email":"george.edwards@reqres.in","first_name":"George","last_name":"Edwards","avatar":"https://reqres.in/img/faces/11-image.jpg"},{"id":12,"email":"rachel.howell@reqres.in","first_name":"Rachel","last_name":"Howell","avatar":"https://reqres.in/img/faces/12-image.jpg"}],"support":{"url":"https://contentcaddy.io?utm_source=reqres&amp;utm_medium=json&amp;utm_campaign=referral","text":"Tired of writing endless social media content? Let Content Caddy generate it for you."},"_meta":{"powered_by":"🚀 ReqRes - Deploy backends in 30 seconds","upgrade_url":"https://app.reqres.in/upgrade","docs_url":"https://reqres.in","template_gallery":"https://app.reqres.in/templates","message":"This API is powered by ReqRes. Deploy your own backend in 30 seconds!","features":["30 Second Backend Templates","Custom API Endpoints","Data Persistence","Real-time Analytics"],"upgrade_cta":"Upgrade to Pro for unlimited requests, custom endpoints, and data persistence"}} 
 </msg>
<msg time="2025-11-19T05:59:55.213060" level="INFO">${usersList} = &lt;Response [200]&gt;</msg>
<var>${usersList}</var>
<arg>users</arg>
<arg>/users</arg>
<arg>headers=${headers}</arg>
<arg>params=${params}</arg>
<arg>expected_status=Anything</arg>
<doc>Sends a GET request on a previously created HTTP Session.</doc>
<status status="PASS" start="2025-11-19T05:59:54.979163" elapsed="0.233964"/>
</kw>
<kw name="Set Variable" owner="BuiltIn">
<msg time="2025-11-19T05:59:55.213792" level="INFO">${usersListJson} = {'page': 2, 'per_page': 6, 'total': 12, 'total_pages': 2, 'data': [{'id': 7, 'email': 'michael.lawson@reqres.in', 'first_name': 'Michael', 'last_name': 'Lawson', 'avatar': 'https://reqres.in/img/faces...</msg>
<var>${usersListJson}</var>
<arg>${usersList.json()}</arg>
<doc>Returns the given values which can then be assigned to a variables.</doc>
<status status="PASS" start="2025-11-19T05:59:55.213305" elapsed="0.000579"/>
</kw>
<kw name="Set Test Variable" owner="BuiltIn">
<msg time="2025-11-19T05:59:55.214235" level="INFO">${usersListJson} = {'page': 2, 'per_page': 6, 'total': 12, 'total_pages': 2, 'data': [{'id': 7, 'email': 'michael.lawson@reqres.in', 'first_name': 'Michael', 'last_name': 'Lawson', 'avatar': 'https://reqres.in/img/faces...</msg>
<arg>${usersListJson}</arg>
<doc>Makes a variable available everywhere within the scope of the current test.</doc>
<status status="PASS" start="2025-11-19T05:59:55.214025" elapsed="0.000299"/>
</kw>
<arg>2</arg>
<status status="PASS" start="2025-11-19T05:59:54.977253" elapsed="0.237152"/>
</kw>
<kw name="status code should be" owner="init">
<kw name="Status Should Be" owner="RequestsLibrary">
<arg>${expectedStatusCode}</arg>
<doc>Fails if response status code is different than the expected.</doc>
<status status="PASS" start="2025-11-19T05:59:55.215108" elapsed="0.000158"/>
</kw>
<arg>200</arg>
<status status="PASS" start="2025-11-19T05:59:55.214815" elapsed="0.000565"/>
</kw>
<kw name="user data not empty" owner="users">
<kw name="Get Value From Json" owner="JSONLibrary">
<msg time="2025-11-19T05:59:55.228260" level="INFO">${data} = [[{'id': 7, 'email': 'michael.lawson@reqres.in', 'first_name': 'Michael', 'last_name': 'Lawson', 'avatar': 'https://reqres.in/img/faces/7-image.jpg'}, {'id': 8, 'email': 'lindsay.ferguson@reqres.in', ...</msg>
<var>${data}</var>
<arg>${usersListJson}</arg>
<arg>$.data</arg>
<doc>Get Value From JSON using JSONPath</doc>
<status status="PASS" start="2025-11-19T05:59:55.216101" elapsed="0.012312"/>
</kw>
<kw name="Set Variable" owner="BuiltIn">
<msg time="2025-11-19T05:59:55.229102" level="INFO">${data} = [{'id': 7, 'email': 'michael.lawson@reqres.in', 'first_name': 'Michael', 'last_name': 'Lawson', 'avatar': 'https://reqres.in/img/faces/7-image.jpg'}, {'id': 8, 'email': 'lindsay.ferguson@reqres.in', '...</msg>
<var>${data}</var>
<arg>${data[0]}</arg>
<doc>Returns the given values which can then be assigned to a variables.</doc>
<status status="PASS" start="2025-11-19T05:59:55.228595" elapsed="0.000622"/>
</kw>
<kw name="Length Should Be" owner="BuiltIn">
<msg time="2025-11-19T05:59:55.229525" level="INFO">Length is 6.</msg>
<arg>${data}</arg>
<arg>6</arg>
<doc>Verifies that the length of the given item is correct.</doc>
<status status="PASS" start="2025-11-19T05:59:55.229362" elapsed="0.000241"/>
</kw>
<status status="PASS" start="2025-11-19T05:59:55.215836" elapsed="0.013851"/>
</kw>
<status status="PASS" start="2025-11-19T05:59:54.976712" elapsed="0.253584"/>
</test>
<test id="s1-t3" name="Verify user not able to get user list from page 3 and more" line="15">
<kw name="user hit users list in page" owner="users">
<kw name="Create Dictionary" owner="BuiltIn">
<msg time="2025-11-19T05:59:55.232084" level="INFO">${params} = {'page': '3'}</msg>
<var>${params}</var>
<arg>page=${page}</arg>
<doc>Creates and returns a dictionary based on the given ``items``.</doc>
<status status="PASS" start="2025-11-19T05:59:55.231870" elapsed="0.000314"/>
</kw>
<kw name="Create Dictionary" owner="BuiltIn">
<msg time="2025-11-19T05:59:55.232467" level="INFO">${headers} = {'x-api-key': 'reqres-free-v1'}</msg>
<var>${headers}</var>
<arg>x-api-key=reqres-free-v1</arg>
<doc>Creates and returns a dictionary based on the given ``items``.</doc>
<status status="PASS" start="2025-11-19T05:59:55.232311" elapsed="0.000225"/>
</kw>
<kw name="Create Session" owner="RequestsLibrary">
<msg time="2025-11-19T05:59:55.232852" level="INFO">Creating Session using : alias=users, url=https://reqres.in/api, headers={},                     cookies={}, auth=None, timeout=None, proxies=None, verify=False,                     debug=0 </msg>
<arg>users</arg>
<arg>${baseUrl}</arg>
<arg>disable_warnings=1</arg>
<doc>Create Session: create a HTTP session to a server</doc>
<status status="PASS" start="2025-11-19T05:59:55.232646" elapsed="0.000445"/>
</kw>
<kw name="GET On Session" owner="RequestsLibrary">
<msg time="2025-11-19T05:59:55.428978" level="INFO">GET Request : url=https://reqres.in/api/users?page=3 
 path_url=/api/users?page=3 
 headers={'User-Agent': 'python-requests/2.32.5', 'Accept-Encoding': 'gzip, deflate', 'Accept': '*/*', 'Connection': 'keep-alive', 'x-api-key': 'reqres-free-v1'} 
 body=None 
 </msg>
<msg time="2025-11-19T05:59:55.429221" level="INFO">GET Response : url=https://reqres.in/api/users?page=3 
 status=200, reason=OK 
 headers={'Date': 'Tue, 18 Nov 2025 22:59:55 GMT', 'Content-Type': 'application/json; charset=utf-8', 'Transfer-Encoding': 'chunked', 'Connection': 'keep-alive', 'Access-Control-Allow-Credentials': 'true', 'Access-Control-Allow-Headers': 'Origin, X-Requested-With, Content-Type, Accept, Authorization, x-api-key', 'Access-Control-Allow-Methods': 'GET, POST, PUT, DELETE, OPTIONS', 'Access-Control-Allow-Origin': 'http://localhost:5173', 'etag': 'W/"2e1-PesLOpJhEucpDtkTbRGiojoTmGY"', 'Nel': '{"report_to":"heroku-nel","response_headers":["Via"],"max_age":3600,"success_fraction":0.01,"failure_fraction":0.1}', 'Ratelimit-Limit': '100', 'Ratelimit-Policy': '100;w=60', 'Ratelimit-Remaining': '98', 'Ratelimit-Reset': '60', 'Referrer-Policy': 'strict-origin-when-cross-origin', 'Report-To': '{"group":"heroku-nel","endpoints":[{"url":"https://nel.heroku.com/reports?s=R3M%2FAUABznKEOJtimKVClThjoHD6dTqHfMG6zZXgox0%3D\\u0026sid=c4c9725f-1ab0-44d8-820f-430df2718e11\\u0026ts=1763463403"}],"max_age":3600}', 'Reporting-Endpoints': 'heroku-nel="https://nel.heroku.com/reports?s=R3M%2FAUABznKEOJtimKVClThjoHD6dTqHfMG6zZXgox0%3D&amp;sid=c4c9725f-1ab0-44d8-820f-430df2718e11&amp;ts=1763463403"', 'Server': 'cloudflare', 'Vary': 'Origin, accept-encoding', 'Via': '1.1 heroku-router', 'X-Content-Type-Options': 'nosniff', 'X-Frame-Options': 'DENY', 'X-Powered-By': 'ReqRes.in - Deploy backends in 30 seconds', 'X-Reqres-Docs': 'https://reqres.in', 'X-Reqres-Message': 'This API is powered by ReqRes. Deploy your own backend in 30 seconds!', 'X-Reqres-Templates': 'https://app.reqres.in/templates', 'X-Reqres-Upgrade': 'https://app.reqres.in/upgrade', 'X-Request-Id': '1946fc75-fbbd-9989-36ff-048620b4ff81', 'X-Xss-Protection': '1; mode=block', 'Age': '1512', 'Cache-Control': 'max-age=14400', 'cf-cache-status': 'HIT', 'Content-Encoding': 'gzip', 'CF-RAY': '9a0b14c1af15e9c8-CGK'} 
 body={"page":3,"per_page":6,"total":12,"total_pages":2,"data":[],"support":{"url":"https://contentcaddy.io?utm_source=reqres&amp;utm_medium=json&amp;utm_campaign=referral","text":"Tired of writing endless social media content? Let Content Caddy generate it for you."},"_meta":{"powered_by":"🚀 ReqRes - Deploy backends in 30 seconds","upgrade_url":"https://app.reqres.in/upgrade","docs_url":"https://reqres.in","template_gallery":"https://app.reqres.in/templates","message":"This API is powered by ReqRes. Deploy your own backend in 30 seconds!","features":["30 Second Backend Templates","Custom API Endpoints","Data Persistence","Real-time Analytics"],"upgrade_cta":"Upgrade to Pro for unlimited requests, custom endpoints, and data persistence"}} 
 </msg>
<msg time="2025-11-19T05:59:55.429439" level="INFO">${usersList} = &lt;Response [200]&gt;</msg>
<var>${usersList}</var>
<arg>users</arg>
<arg>/users</arg>
<arg>headers=${headers}</arg>
<arg>params=${params}</arg>
<arg>expected_status=Anything</arg>
<doc>Sends a GET request on a previously created HTTP Session.</doc>
<status status="PASS" start="2025-11-19T05:59:55.233269" elapsed="0.196239"/>
</kw>
<kw name="Set Variable" owner="BuiltIn">
<msg time="2025-11-19T05:59:55.430150" level="INFO">${usersListJson} = {'page': 3, 'per_page': 6, 'total': 12, 'total_pages': 2, 'data': [], 'support': {'url': 'https://contentcaddy.io?utm_source=reqres&amp;utm_medium=json&amp;utm_campaign=referral', 'text': 'Tired of writing en...</msg>
<var>${usersListJson}</var>
<arg>${usersList.json()}</arg>
<doc>Returns the given values which can then be assigned to a variables.</doc>
<status status="PASS" start="2025-11-19T05:59:55.429685" elapsed="0.000558"/>
</kw>
<kw name="Set Test Variable" owner="BuiltIn">
<msg time="2025-11-19T05:59:55.430558" level="INFO">${usersListJson} = {'page': 3, 'per_page': 6, 'total': 12, 'total_pages': 2, 'data': [], 'support': {'url': 'https://contentcaddy.io?utm_source=reqres&amp;utm_medium=json&amp;utm_campaign=referral', 'text': 'Tired of writing en...</msg>
<arg>${usersListJson}</arg>
<doc>Makes a variable available everywhere within the scope of the current test.</doc>
<status status="PASS" start="2025-11-19T05:59:55.430378" elapsed="0.000257"/>
</kw>
<arg>3</arg>
<status status="PASS" start="2025-11-19T05:59:55.231588" elapsed="0.199126"/>
</kw>
<kw name="status code should be" owner="init">
<kw name="Status Should Be" owner="RequestsLibrary">
<arg>${expectedStatusCode}</arg>
<doc>Fails if response status code is different than the expected.</doc>
<status status="PASS" start="2025-11-19T05:59:55.431591" elapsed="0.000171"/>
</kw>
<arg>200</arg>
<status status="PASS" start="2025-11-19T05:59:55.431224" elapsed="0.000637"/>
</kw>
<kw name="user data empty" owner="users">
<kw name="Get Value From Json" owner="JSONLibrary">
<msg time="2025-11-19T05:59:55.444649" level="INFO">${data} = [[]]</msg>
<var>${data}</var>
<arg>${usersListJson}</arg>
<arg>$.data</arg>
<doc>Get Value From JSON using JSONPath</doc>
<status status="PASS" start="2025-11-19T05:59:55.432690" elapsed="0.012110"/>
</kw>
<kw name="Set Variable" owner="BuiltIn">
<msg time="2025-11-19T05:59:55.445426" level="INFO">${data} = []</msg>
<var>${data}</var>
<arg>${data[0]}</arg>
<doc>Returns the given values which can then be assigned to a variables.</doc>
<status status="PASS" start="2025-11-19T05:59:55.444981" elapsed="0.000531"/>
</kw>
<kw name="Length Should Be" owner="BuiltIn">
<msg time="2025-11-19T05:59:55.445802" level="INFO">Length is 0.</msg>
<arg>${data}</arg>
<arg>0</arg>
<doc>Verifies that the length of the given item is correct.</doc>
<status status="PASS" start="2025-11-19T05:59:55.445641" elapsed="0.000247"/>
</kw>
<status status="PASS" start="2025-11-19T05:59:55.432413" elapsed="0.013559"/>
</kw>
<status status="PASS" start="2025-11-19T05:59:55.231038" elapsed="0.215202"/>
</test>
<test id="s1-t4" name="Verify user can create new user" line="20">
<kw name="user create new user" owner="users">
<kw name="Create Dictionary" owner="BuiltIn">
<msg time="2025-11-19T05:59:55.447965" level="INFO">${json} = {'name': 'morpheus', 'job': 'leader'}</msg>
<var>${json}</var>
<arg>name=morpheus</arg>
<arg>job=leader</arg>
<doc>Creates and returns a dictionary based on the given ``items``.</doc>
<status status="PASS" start="2025-11-19T05:59:55.447719" elapsed="0.000379"/>
</kw>
<kw name="Create Dictionary" owner="BuiltIn">
<msg time="2025-11-19T05:59:55.448536" level="INFO">${headers} = {'x-api-key': 'reqres-free-v1'}</msg>
<var>${headers}</var>
<arg>x-api-key=reqres-free-v1</arg>
<doc>Creates and returns a dictionary based on the given ``items``.</doc>
<status status="PASS" start="2025-11-19T05:59:55.448258" elapsed="0.000387"/>
</kw>
<kw name="Create Session" owner="RequestsLibrary">
<msg time="2025-11-19T05:59:55.449011" level="INFO">Creating Session using : alias=users, url=https://reqres.in/api, headers={},                     cookies={}, auth=None, timeout=None, proxies=None, verify=False,                     debug=0 </msg>
<arg>users</arg>
<arg>${baseUrl}</arg>
<arg>disable_warnings=1</arg>
<doc>Create Session: create a HTTP session to a server</doc>
<status status="PASS" start="2025-11-19T05:59:55.448776" elapsed="0.000430"/>
</kw>
<kw name="POST On Session" owner="RequestsLibrary">
<msg time="2025-11-19T05:59:56.041554" level="INFO">POST Request : url=https://reqres.in/api/users 
 path_url=/api/users 
 headers={'User-Agent': 'python-requests/2.32.5', 'Accept-Encoding': 'gzip, deflate', 'Accept': '*/*', 'Connection': 'keep-alive', 'x-api-key': 'reqres-free-v1', 'Content-Length': '37', 'Content-Type': 'application/json'} 
 body=b'{"name": "morpheus", "job": "leader"}' 
 </msg>
<msg time="2025-11-19T05:59:56.041826" level="INFO">POST Response : url=https://reqres.in/api/users 
 status=201, reason=Created 
 headers={'Date': 'Tue, 18 Nov 2025 22:59:56 GMT', 'Content-Type': 'application/json; charset=utf-8', 'Content-Length': '84', 'Connection': 'keep-alive', 'Access-Control-Allow-Credentials': 'true', 'Access-Control-Allow-Headers': 'Origin, X-Requested-With, Content-Type, Accept, Authorization, x-api-key', 'Access-Control-Allow-Methods': 'GET, POST, PUT, DELETE, OPTIONS', 'Access-Control-Allow-Origin': 'http://localhost:5173', 'Etag': 'W/"54-PcZzLJl+3b7T2otf01+onHYfJUU"', 'Nel': '{"report_to":"heroku-nel","response_headers":["Via"],"max_age":3600,"success_fraction":0.01,"failure_fraction":0.1}', 'Ratelimit-Limit': '100', 'Ratelimit-Policy': '100;w=60', 'Ratelimit-Remaining': '98', 'Ratelimit-Reset': '60', 'Referrer-Policy': 'strict-origin-when-cross-origin', 'Report-To': '{"group":"heroku-nel","endpoints":[{"url":"https://nel.heroku.com/reports?s=quAEkp%2F03gXpP92EYi2dsuM2qMnkWHaywxGMKl0odc8%3D\\u0026sid=c4c9725f-1ab0-44d8-820f-430df2718e11\\u0026ts=1763506796"}],"max_age":3600}', 'Reporting-Endpoints': 'heroku-nel="https://nel.heroku.com/reports?s=quAEkp%2F03gXpP92EYi2dsuM2qMnkWHaywxGMKl0odc8%3D&amp;sid=c4c9725f-1ab0-44d8-820f-430df2718e11&amp;ts=1763506796"', 'Server': 'cloudflare', 'Vary': 'Origin', 'Via': '1.1 heroku-router', 'X-Content-Type-Options': 'nosniff', 'X-Frame-Options': 'DENY', 'X-Powered-By': 'ReqRes.in - Deploy backends in 30 seconds', 'X-Reqres-Docs': 'https://reqres.in', 'X-Reqres-Message': 'This API is powered by ReqRes. Deploy your own backend in 30 seconds!', 'X-Reqres-Templates': 'https://app.reqres.in/templates', 'X-Reqres-Upgrade': 'https://app.reqres.in/upgrade', 'X-Request-Id': '86236c8a-ac16-8751-58da-58dad454a82a', 'X-Xss-Protection': '1; mode=block', 'cf-cache-status': 'DYNAMIC', 'CF-RAY': '9a0b14c30bbfe9cd-CGK'} 
 body={"name":"morpheus","job":"leader","id":"828","createdAt":"2025-11-18T22:59:56.333Z"} 
 </msg>
<msg time="2025-11-19T05:59:56.042030" level="INFO">${createUser} = &lt;Response [201]&gt;</msg>
<var>${createUser}</var>
<arg>users</arg>
<arg>/users</arg>
<arg>headers=${headers}</arg>
<arg>json=${json}</arg>
<arg>expected_status=Anything</arg>
<doc>Sends a POST request on a previously created HTTP Session.</doc>
<status status="PASS" start="2025-11-19T05:59:55.449351" elapsed="0.592745"/>
</kw>
<kw name="Set Variable" owner="BuiltIn">
<msg time="2025-11-19T05:59:56.042742" level="INFO">${createUserJson} = {'name': 'morpheus', 'job': 'leader', 'id': '828', 'createdAt': '2025-11-18T22:59:56.333Z'}</msg>
<var>${createUserJson}</var>
<arg>${createUser.json()}</arg>
<doc>Returns the given values which can then be assigned to a variables.</doc>
<status status="PASS" start="2025-11-19T05:59:56.042272" elapsed="0.000565"/>
</kw>
<kw name="Set Test Variable" owner="BuiltIn">
<msg time="2025-11-19T05:59:56.043150" level="INFO">${createUserJson} = {'name': 'morpheus', 'job': 'leader', 'id': '828', 'createdAt': '2025-11-18T22:59:56.333Z'}</msg>
<arg>${createUserJson}</arg>
<doc>Makes a variable available everywhere within the scope of the current test.</doc>
<status status="PASS" start="2025-11-19T05:59:56.042985" elapsed="0.000242"/>
</kw>
<status status="PASS" start="2025-11-19T05:59:55.447480" elapsed="0.595829"/>
</kw>
<kw name="status code should be" owner="init">
<kw name="Status Should Be" owner="RequestsLibrary">
<arg>${expectedStatusCode}</arg>
<doc>Fails if response status code is different than the expected.</doc>
<status status="PASS" start="2025-11-19T05:59:56.044004" elapsed="0.000155"/>
</kw>
<arg>201</arg>
<status status="PASS" start="2025-11-19T05:59:56.043702" elapsed="0.000548"/>
</kw>
<status status="PASS" start="2025-11-19T05:59:55.447045" elapsed="0.597530"/>
</test>
<test id="s1-t5" name="Verify user can update existing user" line="24">
<kw name="user update existing user" owner="users">
<kw name="Create Dictionary" owner="BuiltIn">
<msg time="2025-11-19T05:59:56.046215" level="INFO">${json} = {'name': 'morpheus', 'job': 'zion resident'}</msg>
<var>${json}</var>
<arg>name=morpheus</arg>
<arg>job=zion resident</arg>
<doc>Creates and returns a dictionary based on the given ``items``.</doc>
<status status="PASS" start="2025-11-19T05:59:56.046017" elapsed="0.000296"/>
</kw>
<kw name="Create Dictionary" owner="BuiltIn">
<msg time="2025-11-19T05:59:56.046596" level="INFO">${headers} = {'x-api-key': 'reqres-free-v1'}</msg>
<var>${headers}</var>
<arg>x-api-key=reqres-free-v1</arg>
<doc>Creates and returns a dictionary based on the given ``items``.</doc>
<status status="PASS" start="2025-11-19T05:59:56.046439" elapsed="0.000233"/>
</kw>
<kw name="Create Session" owner="RequestsLibrary">
<msg time="2025-11-19T05:59:56.046983" level="INFO">Creating Session using : alias=users, url=https://reqres.in/api, headers={},                     cookies={}, auth=None, timeout=None, proxies=None, verify=False,                     debug=0 </msg>
<arg>users</arg>
<arg>${baseUrl}</arg>
<arg>disable_warnings=1</arg>
<doc>Create Session: create a HTTP session to a server</doc>
<status status="PASS" start="2025-11-19T05:59:56.046782" elapsed="0.000392"/>
</kw>
<kw name="PUT On Session" owner="RequestsLibrary">
<msg time="2025-11-19T05:59:56.707119" level="INFO">PUT Request : url=https://reqres.in/api/users/2 
 path_url=/api/users/2 
 headers={'User-Agent': 'python-requests/2.32.5', 'Accept-Encoding': 'gzip, deflate', 'Accept': '*/*', 'Connection': 'keep-alive', 'x-api-key': 'reqres-free-v1', 'Content-Length': '44', 'Content-Type': 'application/json'} 
 body=b'{"name": "morpheus", "job": "zion resident"}' 
 </msg>
<msg time="2025-11-19T05:59:56.707368" level="INFO">PUT Response : url=https://reqres.in/api/users/2 
 status=200, reason=OK 
 headers={'Date': 'Tue, 18 Nov 2025 22:59:57 GMT', 'Content-Type': 'application/json; charset=utf-8', 'Transfer-Encoding': 'chunked', 'Connection': 'keep-alive', 'Access-Control-Allow-Credentials': 'true', 'Access-Control-Allow-Headers': 'Origin, X-Requested-With, Content-Type, Accept, Authorization, x-api-key', 'Access-Control-Allow-Methods': 'GET, POST, PUT, DELETE, OPTIONS', 'Access-Control-Allow-Origin': 'http://localhost:5173', 'Etag': 'W/"50-vMVtytwtsqPYuTYm9FHW9EDC6Ds"', 'Nel': '{"report_to":"heroku-nel","response_headers":["Via"],"max_age":3600,"success_fraction":0.01,"failure_fraction":0.1}', 'Ratelimit-Limit': '100', 'Ratelimit-Policy': '100;w=60', 'Ratelimit-Remaining': '98', 'Ratelimit-Reset': '60', 'Referrer-Policy': 'strict-origin-when-cross-origin', 'Report-To': '{"group":"heroku-nel","endpoints":[{"url":"https://nel.heroku.com/reports?s=quAEkp%2F03gXpP92EYi2dsuM2qMnkWHaywxGMKl0odc8%3D\\u0026sid=c4c9725f-1ab0-44d8-820f-430df2718e11\\u0026ts=1763506796"}],"max_age":3600}', 'Reporting-Endpoints': 'heroku-nel="https://nel.heroku.com/reports?s=quAEkp%2F03gXpP92EYi2dsuM2qMnkWHaywxGMKl0odc8%3D&amp;sid=c4c9725f-1ab0-44d8-820f-430df2718e11&amp;ts=1763506796"', 'Server': 'cloudflare', 'Vary': 'Origin, accept-encoding', 'Via': '1.1 heroku-router', 'X-Content-Type-Options': 'nosniff', 'X-Frame-Options': 'DENY', 'X-Powered-By': 'ReqRes.in - Deploy backends in 30 seconds', 'X-Reqres-Docs': 'https://reqres.in', 'X-Reqres-Message': 'This API is powered by ReqRes. Deploy your own backend in 30 seconds!', 'X-Reqres-Templates': 'https://app.reqres.in/templates', 'X-Reqres-Upgrade': 'https://app.reqres.in/upgrade', 'X-Request-Id': 'f77a8ff8-5cc0-6043-7b54-640029629d29', 'X-Xss-Protection': '1; mode=block', 'cf-cache-status': 'DYNAMIC', 'Content-Encoding': 'gzip', 'CF-RAY': '9a0b14c64cbce9d4-CGK'} 
 body={"name":"morpheus","job":"zion resident","updatedAt":"2025-11-18T22:59:56.947Z"} 
 </msg>
<msg time="2025-11-19T05:59:56.707574" level="INFO">${updateUser} = &lt;Response [200]&gt;</msg>
<var>${updateUser}</var>
<arg>users</arg>
<arg>/users/2</arg>
<arg>headers=${headers}</arg>
<arg>json=${json}</arg>
<arg>expected_status=Anything</arg>
<doc>Sends a PUT request on a previously created HTTP Session.</doc>
<status status="PASS" start="2025-11-19T05:59:56.047427" elapsed="0.660217"/>
</kw>
<kw name="Set Variable" owner="BuiltIn">
<msg time="2025-11-19T05:59:56.708290" level="INFO">${updateUserJson} = {'name': 'morpheus', 'job': 'zion resident', 'updatedAt': '2025-11-18T22:59:56.947Z'}</msg>
<var>${updateUserJson}</var>
<arg>${updateUser.json()}</arg>
<doc>Returns the given values which can then be assigned to a variables.</doc>
<status status="PASS" start="2025-11-19T05:59:56.707819" elapsed="0.000558"/>
</kw>
<kw name="Set Test Variable" owner="BuiltIn">
<msg time="2025-11-19T05:59:56.708681" level="INFO">${updateUserJson} = {'name': 'morpheus', 'job': 'zion resident', 'updatedAt': '2025-11-18T22:59:56.947Z'}</msg>
<arg>${updateUserJson}</arg>
<doc>Makes a variable available everywhere within the scope of the current test.</doc>
<status status="PASS" start="2025-11-19T05:59:56.708516" elapsed="0.000239"/>
</kw>
<status status="PASS" start="2025-11-19T05:59:56.045754" elapsed="0.663080"/>
</kw>
<kw name="status code should be" owner="init">
<kw name="Status Should Be" owner="RequestsLibrary">
<arg>${expectedStatusCode}</arg>
<doc>Fails if response status code is different than the expected.</doc>
<status status="PASS" start="2025-11-19T05:59:56.709557" elapsed="0.000144"/>
</kw>
<arg>200</arg>
<status status="PASS" start="2025-11-19T05:59:56.709279" elapsed="0.000509"/>
</kw>
<status status="PASS" start="2025-11-19T05:59:56.045252" elapsed="0.664889"/>
</test>
<test id="s1-t6" name="Verify user can delete existing user" line="28">
<kw name="user delete existing user" owner="users">
<kw name="Create Dictionary" owner="BuiltIn">
<msg time="2025-11-19T05:59:56.711769" level="INFO">${headers} = {'x-api-key': 'reqres-free-v1'}</msg>
<var>${headers}</var>
<arg>x-api-key=reqres-free-v1</arg>
<doc>Creates and returns a dictionary based on the given ``items``.</doc>
<status status="PASS" start="2025-11-19T05:59:56.711496" elapsed="0.000406"/>
</kw>
<kw name="Create Session" owner="RequestsLibrary">
<msg time="2025-11-19T05:59:56.712384" level="INFO">Creating Session using : alias=users, url=https://reqres.in/api, headers={},                     cookies={}, auth=None, timeout=None, proxies=None, verify=False,                     debug=0 </msg>
<arg>users</arg>
<arg>${baseUrl}</arg>
<arg>disable_warnings=1</arg>
<doc>Create Session: create a HTTP session to a server</doc>
<status status="PASS" start="2025-11-19T05:59:56.712082" elapsed="0.000531"/>
</kw>
<kw name="DELETE On Session" owner="RequestsLibrary">
<msg time="2025-11-19T05:59:57.121515" level="INFO">DELETE Request : url=https://reqres.in/api/users/2 
 path_url=/api/users/2 
 headers={'User-Agent': 'python-requests/2.32.5', 'Accept-Encoding': 'gzip, deflate', 'Accept': '*/*', 'Connection': 'keep-alive', 'x-api-key': 'reqres-free-v1', 'Content-Length': '0'} 
 body=None 
 </msg>
<msg time="2025-11-19T05:59:57.121756" level="INFO">DELETE Response : url=https://reqres.in/api/users/2 
 status=204, reason=No Content 
 headers={'Date': 'Tue, 18 Nov 2025 22:59:57 GMT', 'Connection': 'keep-alive', 'Access-Control-Allow-Credentials': 'true', 'Access-Control-Allow-Headers': 'Origin, X-Requested-With, Content-Type, Accept, Authorization, x-api-key', 'Access-Control-Allow-Methods': 'GET, POST, PUT, DELETE, OPTIONS', 'Access-Control-Allow-Origin': 'http://localhost:5173', 'Etag': 'W/"2-vyGp6PvFo4RvsFtPoIWeCReyIC8"', 'Nel': '{"report_to":"heroku-nel","response_headers":["Via"],"max_age":3600,"success_fraction":0.01,"failure_fraction":0.1}', 'Ratelimit-Limit': '100', 'Ratelimit-Policy': '100;w=60', 'Ratelimit-Remaining': '96', 'Ratelimit-Reset': '59', 'Referrer-Policy': 'strict-origin-when-cross-origin', 'Report-To': '{"group":"heroku-nel","endpoints":[{"url":"https://nel.heroku.com/reports?s=YnELltQ3NercqMojLjJdTae1xvlts%2FBmBqAUEBe6J20%3D\\u0026sid=c4c9725f-1ab0-44d8-820f-430df2718e11\\u0026ts=1763506797"}],"max_age":3600}', 'Reporting-Endpoints': 'heroku-nel="https://nel.heroku.com/reports?s=YnELltQ3NercqMojLjJdTae1xvlts%2FBmBqAUEBe6J20%3D&amp;sid=c4c9725f-1ab0-44d8-820f-430df2718e11&amp;ts=1763506797"', 'Server': 'cloudflare', 'Vary': 'Origin', 'Via': '1.1 heroku-router', 'X-Content-Type-Options': 'nosniff', 'X-Frame-Options': 'DENY', 'X-Powered-By': 'ReqRes.in - Deploy backends in 30 seconds', 'X-Reqres-Docs': 'https://reqres.in', 'X-Reqres-Message': 'This API is powered by ReqRes. Deploy your own backend in 30 seconds!', 'X-Reqres-Templates': 'https://app.reqres.in/templates', 'X-Reqres-Upgrade': 'https://app.reqres.in/upgrade', 'X-Request-Id': 'b5012f20-49a6-955b-c179-2b301e666dae', 'X-Xss-Protection': '1; mode=block', 'cf-cache-status': 'DYNAMIC', 'CF-RAY': '9a0b14cb0ac1e9d5-CGK'} 
 body=None 
 </msg>
<msg time="2025-11-19T05:59:57.121925" level="INFO">${deleteUser} = &lt;Response [204]&gt;</msg>
<var>${deleteUser}</var>
<arg>users</arg>
<arg>/users/2</arg>
<arg>headers=${headers}</arg>
<arg>expected_status=Anything</arg>
<doc>Sends a DELETE request on a previously created HTTP Session.</doc>
<status status="PASS" start="2025-11-19T05:59:56.712882" elapsed="0.409106"/>
</kw>
<status status="PASS" start="2025-11-19T05:59:56.711213" elapsed="0.410952"/>
</kw>
<kw name="status code should be" owner="init">
<kw name="Status Should Be" owner="RequestsLibrary">
<arg>${expectedStatusCode}</arg>
<doc>Fails if response status code is different than the expected.</doc>
<status status="PASS" start="2025-11-19T05:59:57.123024" elapsed="0.000463"/>
</kw>
<arg>204</arg>
<status status="PASS" start="2025-11-19T05:59:57.122638" elapsed="0.000987"/>
</kw>
<status status="PASS" start="2025-11-19T05:59:56.710773" elapsed="0.413287"/>
</test>
<status status="PASS" start="2025-11-19T05:59:54.425976" elapsed="2.699164"/>
</suite>
<statistics>
<total>
<stat pass="6" fail="0" skip="0">All Tests</stat>
</total>
<tag>
</tag>
<suite>
<stat name="Users" id="s1" pass="6" fail="0" skip="0">Users</stat>
</suite>
</statistics>
<errors>
</errors>
</robot>
